#-----------------------------------------------------------
# Vivado v2019.1 (64-bit)
# SW Build 2552052 on Fri May 24 14:49:42 MDT 2019
# IP Build 2548770 on Fri May 24 18:01:18 MDT 2019
# Start of session at: Thu Oct 24 20:48:44 2024
# Process ID: 24340
# Current directory: C:/Users/baobu/Downloads/Draft
# Command line: vivado.exe -gui_launcher_event rodinguilauncherevent18860 C:\Users\baobu\Downloads\Draft\Draft.xpr
# Log file: C:/Users/baobu/Downloads/Draft/vivado.log
# Journal file: C:/Users/baobu/Downloads/Draft\vivado.jou
#-----------------------------------------------------------
start_gui
open_project C:/Users/baobu/Downloads/Draft/Draft.xpr
Scanning sources...
Finished scanning sources
INFO: [IP_Flow 19-234] Refreshing IP repositories
INFO: [IP_Flow 19-1704] No user IP repositories specified
INFO: [IP_Flow 19-2313] Loaded Vivado IP repository 'C:/Xilinx/Vivado/2019.1/data/ip'.
update_compile_order -fileset sources_1
reset_run synth_1
launch_runs synth_1 -jobs 16
[Thu Oct 24 20:49:12 2024] Launched synth_1...
Run output will be captured here: C:/Users/baobu/Downloads/Draft/Draft.runs/synth_1/runme.log
reset_run synth_1
launch_runs synth_1 -jobs 16
[Thu Oct 24 20:50:22 2024] Launched synth_1...
Run output will be captured here: C:/Users/baobu/Downloads/Draft/Draft.runs/synth_1/runme.log
launch_runs impl_1 -jobs 16
[Thu Oct 24 20:50:53 2024] Launched impl_1...
Run output will be captured here: C:/Users/baobu/Downloads/Draft/Draft.runs/impl_1/runme.log
launch_simulation
INFO: [Vivado 12-5682] Launching behavioral simulation in 'C:/Users/baobu/Downloads/Draft/Draft.sim/sim_1/behav/xsim'
INFO: [SIM-utils-51] Simulation object is 'sim_1'
INFO: [SIM-utils-54] Inspecting design source files for 'EffectLed_tb' in fileset 'sim_1'...
INFO: [USF-XSim-97] Finding global include files...
INFO: [USF-XSim-98] Fetching design files from 'sim_1'...
INFO: [USF-XSim-2] XSim::Compile design
INFO: [USF-XSim-61] Executing 'COMPILE and ANALYZE' step in 'C:/Users/baobu/Downloads/Draft/Draft.sim/sim_1/behav/xsim'
"xvlog --incr --relax -prj EffectLed_tb_vlog.prj"
INFO: [VRFC 10-2263] Analyzing Verilog file "C:/Users/baobu/Downloads/Draft/Draft.srcs/sources_1/new/EffectLed.v" into library xil_defaultlib
INFO: [VRFC 10-311] analyzing module EffectLed
INFO: [VRFC 10-2263] Analyzing Verilog file "C:/Users/baobu/Downloads/Draft/Draft.srcs/sources_1/new/Effect_3.v" into library xil_defaultlib
INFO: [VRFC 10-311] analyzing module Effect_3
INFO: [VRFC 10-2263] Analyzing Verilog file "C:/Users/baobu/Downloads/Draft/Draft.srcs/sources_1/new/effectMode.v" into library xil_defaultlib
INFO: [VRFC 10-311] analyzing module effectMode
INFO: [VRFC 10-2263] Analyzing Verilog file "C:/Users/baobu/Downloads/Draft/Draft.srcs/sources_1/new/frequency.v" into library xil_defaultlib
INFO: [VRFC 10-311] analyzing module frequency
INFO: [VRFC 10-2263] Analyzing Verilog file "C:/Users/baobu/Downloads/Draft/Draft.srcs/sources_1/new/timer.v" into library xil_defaultlib
INFO: [VRFC 10-311] analyzing module timer
INFO: [VRFC 10-2263] Analyzing Verilog file "C:/Users/baobu/Downloads/Draft/Draft.srcs/sim_1/new/EffectLed_tb.v" into library xil_defaultlib
INFO: [VRFC 10-311] analyzing module EffectLed_tb
INFO: [USF-XSim-69] 'compile' step finished in '5' seconds
INFO: [USF-XSim-3] XSim::Elaborate design
INFO: [USF-XSim-61] Executing 'ELABORATE' step in 'C:/Users/baobu/Downloads/Draft/Draft.sim/sim_1/behav/xsim'
"xelab -wto 34e9bbf9c09a40f18c91e874179b9ba7 --incr --debug typical --relax --mt 2 -L xil_defaultlib -L unisims_ver -L unimacro_ver -L secureip --snapshot EffectLed_tb_behav xil_defaultlib.EffectLed_tb xil_defaultlib.glbl -log elaborate.log"
Vivado Simulator 2019.1
Copyright 1986-1999, 2001-2019 Xilinx, Inc. All Rights Reserved.
Running: C:/Xilinx/Vivado/2019.1/bin/unwrapped/win64.o/xelab.exe -wto 34e9bbf9c09a40f18c91e874179b9ba7 --incr --debug typical --relax --mt 2 -L xil_defaultlib -L unisims_ver -L unimacro_ver -L secureip --snapshot EffectLed_tb_behav xil_defaultlib.EffectLed_tb xil_defaultlib.glbl -log elaborate.log 
Using 2 slave threads.
Starting static elaboration
Completed static elaboration
Starting simulation data flow analysis
Completed simulation data flow analysis
Time Resolution for simulation is 1ps
Compiling module xil_defaultlib.effectMode
Compiling module xil_defaultlib.frequency
Compiling module xil_defaultlib.timer
Compiling module xil_defaultlib.Effect_3
Compiling module xil_defaultlib.EffectLed
Compiling module xil_defaultlib.EffectLed_tb
Compiling module xil_defaultlib.glbl
Built simulation snapshot EffectLed_tb_behav
INFO: [USF-XSim-69] 'elaborate' step finished in '2' seconds
INFO: [USF-XSim-4] XSim::Simulate design
INFO: [USF-XSim-61] Executing 'SIMULATE' step in 'C:/Users/baobu/Downloads/Draft/Draft.sim/sim_1/behav/xsim'
INFO: [USF-XSim-98] *** Running xsim
   with args "EffectLed_tb_behav -key {Behavioral:sim_1:Functional:EffectLed_tb} -tclbatch {EffectLed_tb.tcl} -log {simulate.log}"
INFO: [USF-XSim-8] Loading simulator feature
Vivado Simulator 2019.1
Time resolution is 1 ps
source EffectLed_tb.tcl
# set curr_wave [current_wave_config]
# if { [string length $curr_wave] == 0 } {
#   if { [llength [get_objects]] > 0} {
#     add_wave /
#     set_property needs_save false [current_wave_config]
#   } else {
#      send_msg_id Add_Wave-1 WARNING "No top level signals found. Simulator will start without a wave window. If you want to open a wave window go to 'File->New Waveform Configuration' or type 'create_wave_config' in the TCL console."
#   }
# }
# run 1000ns
INFO: [USF-XSim-96] XSim completed. Design snapshot 'EffectLed_tb_behav' loaded.
INFO: [USF-XSim-97] XSim simulation ran for 1000ns
launch_simulation: Time (s): cpu = 00:00:01 ; elapsed = 00:00:11 . Memory (MB): peak = 1897.867 ; gain = 2.906
close_sim
INFO: [Simtcl 6-16] Simulation closed
reset_run synth_1
launch_runs synth_1 -jobs 16
[Thu Oct 24 20:53:48 2024] Launched synth_1...
Run output will be captured here: C:/Users/baobu/Downloads/Draft/Draft.runs/synth_1/runme.log
reset_run synth_1
launch_runs synth_1 -jobs 16
[Thu Oct 24 20:55:29 2024] Launched synth_1...
Run output will be captured here: C:/Users/baobu/Downloads/Draft/Draft.runs/synth_1/runme.log
launch_runs impl_1 -jobs 16
[Thu Oct 24 20:55:58 2024] Launched impl_1...
Run output will be captured here: C:/Users/baobu/Downloads/Draft/Draft.runs/impl_1/runme.log
launch_simulation
INFO: [Vivado 12-5682] Launching behavioral simulation in 'C:/Users/baobu/Downloads/Draft/Draft.sim/sim_1/behav/xsim'
INFO: [SIM-utils-51] Simulation object is 'sim_1'
INFO: [SIM-utils-54] Inspecting design source files for 'EffectLed_tb' in fileset 'sim_1'...
INFO: [USF-XSim-97] Finding global include files...
INFO: [USF-XSim-98] Fetching design files from 'sim_1'...
INFO: [USF-XSim-2] XSim::Compile design
INFO: [USF-XSim-61] Executing 'COMPILE and ANALYZE' step in 'C:/Users/baobu/Downloads/Draft/Draft.sim/sim_1/behav/xsim'
"xvlog --incr --relax -prj EffectLed_tb_vlog.prj"
INFO: [VRFC 10-2263] Analyzing Verilog file "C:/Users/baobu/Downloads/Draft/Draft.srcs/sources_1/new/EffectLed.v" into library xil_defaultlib
INFO: [VRFC 10-311] analyzing module EffectLed
INFO: [VRFC 10-2263] Analyzing Verilog file "C:/Users/baobu/Downloads/Draft/Draft.srcs/sources_1/new/Effect_3.v" into library xil_defaultlib
INFO: [VRFC 10-311] analyzing module Effect_3
INFO: [VRFC 10-2263] Analyzing Verilog file "C:/Users/baobu/Downloads/Draft/Draft.srcs/sources_1/new/effectMode.v" into library xil_defaultlib
INFO: [VRFC 10-311] analyzing module effectMode
INFO: [VRFC 10-2263] Analyzing Verilog file "C:/Users/baobu/Downloads/Draft/Draft.srcs/sources_1/new/frequency.v" into library xil_defaultlib
INFO: [VRFC 10-311] analyzing module frequency
INFO: [VRFC 10-2263] Analyzing Verilog file "C:/Users/baobu/Downloads/Draft/Draft.srcs/sources_1/new/timer.v" into library xil_defaultlib
INFO: [VRFC 10-311] analyzing module timer
INFO: [VRFC 10-2263] Analyzing Verilog file "C:/Users/baobu/Downloads/Draft/Draft.srcs/sim_1/new/EffectLed_tb.v" into library xil_defaultlib
INFO: [VRFC 10-311] analyzing module EffectLed_tb
INFO: [USF-XSim-69] 'compile' step finished in '2' seconds
INFO: [USF-XSim-3] XSim::Elaborate design
INFO: [USF-XSim-61] Executing 'ELABORATE' step in 'C:/Users/baobu/Downloads/Draft/Draft.sim/sim_1/behav/xsim'
"xelab -wto 34e9bbf9c09a40f18c91e874179b9ba7 --incr --debug typical --relax --mt 2 -L xil_defaultlib -L unisims_ver -L unimacro_ver -L secureip --snapshot EffectLed_tb_behav xil_defaultlib.EffectLed_tb xil_defaultlib.glbl -log elaborate.log"
Vivado Simulator 2019.1
Copyright 1986-1999, 2001-2019 Xilinx, Inc. All Rights Reserved.
Running: C:/Xilinx/Vivado/2019.1/bin/unwrapped/win64.o/xelab.exe -wto 34e9bbf9c09a40f18c91e874179b9ba7 --incr --debug typical --relax --mt 2 -L xil_defaultlib -L unisims_ver -L unimacro_ver -L secureip --snapshot EffectLed_tb_behav xil_defaultlib.EffectLed_tb xil_defaultlib.glbl -log elaborate.log 
Using 2 slave threads.
Starting static elaboration
Completed static elaboration
Starting simulation data flow analysis
Completed simulation data flow analysis
Time Resolution for simulation is 1ps
Compiling module xil_defaultlib.effectMode
Compiling module xil_defaultlib.frequency
Compiling module xil_defaultlib.timer
Compiling module xil_defaultlib.Effect_3
Compiling module xil_defaultlib.EffectLed
Compiling module xil_defaultlib.EffectLed_tb
Compiling module xil_defaultlib.glbl
Built simulation snapshot EffectLed_tb_behav
INFO: [USF-XSim-69] 'elaborate' step finished in '1' seconds
INFO: [USF-XSim-4] XSim::Simulate design
INFO: [USF-XSim-61] Executing 'SIMULATE' step in 'C:/Users/baobu/Downloads/Draft/Draft.sim/sim_1/behav/xsim'
INFO: [USF-XSim-98] *** Running xsim
   with args "EffectLed_tb_behav -key {Behavioral:sim_1:Functional:EffectLed_tb} -tclbatch {EffectLed_tb.tcl} -log {simulate.log}"
INFO: [USF-XSim-8] Loading simulator feature
Vivado Simulator 2019.1
Time resolution is 1 ps
source EffectLed_tb.tcl
# set curr_wave [current_wave_config]
# if { [string length $curr_wave] == 0 } {
#   if { [llength [get_objects]] > 0} {
#     add_wave /
#     set_property needs_save false [current_wave_config]
#   } else {
#      send_msg_id Add_Wave-1 WARNING "No top level signals found. Simulator will start without a wave window. If you want to open a wave window go to 'File->New Waveform Configuration' or type 'create_wave_config' in the TCL console."
#   }
# }
# run 1000ns
INFO: [USF-XSim-96] XSim completed. Design snapshot 'EffectLed_tb_behav' loaded.
INFO: [USF-XSim-97] XSim simulation ran for 1000ns
launch_simulation: Time (s): cpu = 00:00:01 ; elapsed = 00:00:06 . Memory (MB): peak = 1897.867 ; gain = 0.000
close_sim
INFO: [Simtcl 6-16] Simulation closed
launch_simulation
INFO: [Vivado 12-5682] Launching behavioral simulation in 'C:/Users/baobu/Downloads/Draft/Draft.sim/sim_1/behav/xsim'
INFO: [SIM-utils-51] Simulation object is 'sim_1'
INFO: [SIM-utils-54] Inspecting design source files for 'EffectLed_tb' in fileset 'sim_1'...
INFO: [USF-XSim-97] Finding global include files...
INFO: [USF-XSim-98] Fetching design files from 'sim_1'...
INFO: [USF-XSim-2] XSim::Compile design
INFO: [USF-XSim-61] Executing 'COMPILE and ANALYZE' step in 'C:/Users/baobu/Downloads/Draft/Draft.sim/sim_1/behav/xsim'
"xvlog --incr --relax -prj EffectLed_tb_vlog.prj"
INFO: [VRFC 10-2263] Analyzing Verilog file "C:/Users/baobu/Downloads/Draft/Draft.srcs/sources_1/new/EffectLed.v" into library xil_defaultlib
INFO: [VRFC 10-311] analyzing module EffectLed
INFO: [VRFC 10-2263] Analyzing Verilog file "C:/Users/baobu/Downloads/Draft/Draft.srcs/sources_1/new/Effect_3.v" into library xil_defaultlib
INFO: [VRFC 10-311] analyzing module Effect_3
INFO: [VRFC 10-2263] Analyzing Verilog file "C:/Users/baobu/Downloads/Draft/Draft.srcs/sources_1/new/effectMode.v" into library xil_defaultlib
INFO: [VRFC 10-311] analyzing module effectMode
INFO: [VRFC 10-2263] Analyzing Verilog file "C:/Users/baobu/Downloads/Draft/Draft.srcs/sources_1/new/frequency.v" into library xil_defaultlib
INFO: [VRFC 10-311] analyzing module frequency
INFO: [VRFC 10-2263] Analyzing Verilog file "C:/Users/baobu/Downloads/Draft/Draft.srcs/sources_1/new/timer.v" into library xil_defaultlib
INFO: [VRFC 10-311] analyzing module timer
INFO: [VRFC 10-2263] Analyzing Verilog file "C:/Users/baobu/Downloads/Draft/Draft.srcs/sim_1/new/EffectLed_tb.v" into library xil_defaultlib
INFO: [VRFC 10-311] analyzing module EffectLed_tb
INFO: [USF-XSim-69] 'compile' step finished in '2' seconds
INFO: [USF-XSim-3] XSim::Elaborate design
INFO: [USF-XSim-61] Executing 'ELABORATE' step in 'C:/Users/baobu/Downloads/Draft/Draft.sim/sim_1/behav/xsim'
"xelab -wto 34e9bbf9c09a40f18c91e874179b9ba7 --incr --debug typical --relax --mt 2 -L xil_defaultlib -L unisims_ver -L unimacro_ver -L secureip --snapshot EffectLed_tb_behav xil_defaultlib.EffectLed_tb xil_defaultlib.glbl -log elaborate.log"
Vivado Simulator 2019.1
Copyright 1986-1999, 2001-2019 Xilinx, Inc. All Rights Reserved.
Running: C:/Xilinx/Vivado/2019.1/bin/unwrapped/win64.o/xelab.exe -wto 34e9bbf9c09a40f18c91e874179b9ba7 --incr --debug typical --relax --mt 2 -L xil_defaultlib -L unisims_ver -L unimacro_ver -L secureip --snapshot EffectLed_tb_behav xil_defaultlib.EffectLed_tb xil_defaultlib.glbl -log elaborate.log 
Using 2 slave threads.
Starting static elaboration
Completed static elaboration
Starting simulation data flow analysis
Completed simulation data flow analysis
Time Resolution for simulation is 1ps
Compiling module xil_defaultlib.effectMode
Compiling module xil_defaultlib.frequency
Compiling module xil_defaultlib.timer
Compiling module xil_defaultlib.Effect_3
Compiling module xil_defaultlib.EffectLed
Compiling module xil_defaultlib.EffectLed_tb
Compiling module xil_defaultlib.glbl
Built simulation snapshot EffectLed_tb_behav
INFO: [USF-XSim-69] 'elaborate' step finished in '2' seconds
INFO: [USF-XSim-4] XSim::Simulate design
INFO: [USF-XSim-61] Executing 'SIMULATE' step in 'C:/Users/baobu/Downloads/Draft/Draft.sim/sim_1/behav/xsim'
INFO: [USF-XSim-98] *** Running xsim
   with args "EffectLed_tb_behav -key {Behavioral:sim_1:Functional:EffectLed_tb} -tclbatch {EffectLed_tb.tcl} -log {simulate.log}"
INFO: [USF-XSim-8] Loading simulator feature
Vivado Simulator 2019.1
Time resolution is 1 ps
source EffectLed_tb.tcl
# set curr_wave [current_wave_config]
# if { [string length $curr_wave] == 0 } {
#   if { [llength [get_objects]] > 0} {
#     add_wave /
#     set_property needs_save false [current_wave_config]
#   } else {
#      send_msg_id Add_Wave-1 WARNING "No top level signals found. Simulator will start without a wave window. If you want to open a wave window go to 'File->New Waveform Configuration' or type 'create_wave_config' in the TCL console."
#   }
# }
# run 1000ns
INFO: [USF-XSim-96] XSim completed. Design snapshot 'EffectLed_tb_behav' loaded.
INFO: [USF-XSim-97] XSim simulation ran for 1000ns
launch_simulation: Time (s): cpu = 00:00:01 ; elapsed = 00:00:06 . Memory (MB): peak = 1897.867 ; gain = 0.000
close_sim
INFO: [Simtcl 6-16] Simulation closed
launch_simulation
INFO: [Vivado 12-5682] Launching behavioral simulation in 'C:/Users/baobu/Downloads/Draft/Draft.sim/sim_1/behav/xsim'
INFO: [SIM-utils-51] Simulation object is 'sim_1'
INFO: [SIM-utils-54] Inspecting design source files for 'EffectLed_tb' in fileset 'sim_1'...
INFO: [USF-XSim-97] Finding global include files...
INFO: [USF-XSim-98] Fetching design files from 'sim_1'...
INFO: [USF-XSim-2] XSim::Compile design
INFO: [USF-XSim-61] Executing 'COMPILE and ANALYZE' step in 'C:/Users/baobu/Downloads/Draft/Draft.sim/sim_1/behav/xsim'
"xvlog --incr --relax -prj EffectLed_tb_vlog.prj"
INFO: [VRFC 10-2263] Analyzing Verilog file "C:/Users/baobu/Downloads/Draft/Draft.srcs/sources_1/new/EffectLed.v" into library xil_defaultlib
INFO: [VRFC 10-311] analyzing module EffectLed
INFO: [VRFC 10-2263] Analyzing Verilog file "C:/Users/baobu/Downloads/Draft/Draft.srcs/sources_1/new/Effect_3.v" into library xil_defaultlib
INFO: [VRFC 10-311] analyzing module Effect_3
INFO: [VRFC 10-2263] Analyzing Verilog file "C:/Users/baobu/Downloads/Draft/Draft.srcs/sources_1/new/effectMode.v" into library xil_defaultlib
INFO: [VRFC 10-311] analyzing module effectMode
INFO: [VRFC 10-2263] Analyzing Verilog file "C:/Users/baobu/Downloads/Draft/Draft.srcs/sources_1/new/frequency.v" into library xil_defaultlib
INFO: [VRFC 10-311] analyzing module frequency
INFO: [VRFC 10-2263] Analyzing Verilog file "C:/Users/baobu/Downloads/Draft/Draft.srcs/sources_1/new/timer.v" into library xil_defaultlib
INFO: [VRFC 10-311] analyzing module timer
INFO: [VRFC 10-2263] Analyzing Verilog file "C:/Users/baobu/Downloads/Draft/Draft.srcs/sim_1/new/EffectLed_tb.v" into library xil_defaultlib
INFO: [VRFC 10-311] analyzing module EffectLed_tb
INFO: [USF-XSim-69] 'compile' step finished in '2' seconds
INFO: [USF-XSim-3] XSim::Elaborate design
INFO: [USF-XSim-61] Executing 'ELABORATE' step in 'C:/Users/baobu/Downloads/Draft/Draft.sim/sim_1/behav/xsim'
"xelab -wto 34e9bbf9c09a40f18c91e874179b9ba7 --incr --debug typical --relax --mt 2 -L xil_defaultlib -L unisims_ver -L unimacro_ver -L secureip --snapshot EffectLed_tb_behav xil_defaultlib.EffectLed_tb xil_defaultlib.glbl -log elaborate.log"
Vivado Simulator 2019.1
Copyright 1986-1999, 2001-2019 Xilinx, Inc. All Rights Reserved.
Running: C:/Xilinx/Vivado/2019.1/bin/unwrapped/win64.o/xelab.exe -wto 34e9bbf9c09a40f18c91e874179b9ba7 --incr --debug typical --relax --mt 2 -L xil_defaultlib -L unisims_ver -L unimacro_ver -L secureip --snapshot EffectLed_tb_behav xil_defaultlib.EffectLed_tb xil_defaultlib.glbl -log elaborate.log 
Using 2 slave threads.
Starting static elaboration
Completed static elaboration
Starting simulation data flow analysis
Completed simulation data flow analysis
Time Resolution for simulation is 1ps
Compiling module xil_defaultlib.effectMode
Compiling module xil_defaultlib.frequency
Compiling module xil_defaultlib.timer
Compiling module xil_defaultlib.Effect_3
Compiling module xil_defaultlib.EffectLed
Compiling module xil_defaultlib.EffectLed_tb
Compiling module xil_defaultlib.glbl
Built simulation snapshot EffectLed_tb_behav
INFO: [USF-XSim-69] 'elaborate' step finished in '1' seconds
INFO: [USF-XSim-4] XSim::Simulate design
INFO: [USF-XSim-61] Executing 'SIMULATE' step in 'C:/Users/baobu/Downloads/Draft/Draft.sim/sim_1/behav/xsim'
INFO: [USF-XSim-98] *** Running xsim
   with args "EffectLed_tb_behav -key {Behavioral:sim_1:Functional:EffectLed_tb} -tclbatch {EffectLed_tb.tcl} -log {simulate.log}"
INFO: [USF-XSim-8] Loading simulator feature
Vivado Simulator 2019.1
Time resolution is 1 ps
source EffectLed_tb.tcl
# set curr_wave [current_wave_config]
# if { [string length $curr_wave] == 0 } {
#   if { [llength [get_objects]] > 0} {
#     add_wave /
#     set_property needs_save false [current_wave_config]
#   } else {
#      send_msg_id Add_Wave-1 WARNING "No top level signals found. Simulator will start without a wave window. If you want to open a wave window go to 'File->New Waveform Configuration' or type 'create_wave_config' in the TCL console."
#   }
# }
# run 1000ns
INFO: [USF-XSim-96] XSim completed. Design snapshot 'EffectLed_tb_behav' loaded.
INFO: [USF-XSim-97] XSim simulation ran for 1000ns
launch_simulation: Time (s): cpu = 00:00:01 ; elapsed = 00:00:05 . Memory (MB): peak = 1897.867 ; gain = 0.000
close_sim
INFO: [Simtcl 6-16] Simulation closed
launch_simulation
INFO: [Vivado 12-5682] Launching behavioral simulation in 'C:/Users/baobu/Downloads/Draft/Draft.sim/sim_1/behav/xsim'
INFO: [SIM-utils-51] Simulation object is 'sim_1'
INFO: [SIM-utils-54] Inspecting design source files for 'EffectLed_tb' in fileset 'sim_1'...
INFO: [USF-XSim-97] Finding global include files...
INFO: [USF-XSim-98] Fetching design files from 'sim_1'...
INFO: [USF-XSim-2] XSim::Compile design
INFO: [USF-XSim-61] Executing 'COMPILE and ANALYZE' step in 'C:/Users/baobu/Downloads/Draft/Draft.sim/sim_1/behav/xsim'
"xvlog --incr --relax -prj EffectLed_tb_vlog.prj"
INFO: [VRFC 10-2263] Analyzing Verilog file "C:/Users/baobu/Downloads/Draft/Draft.srcs/sources_1/new/EffectLed.v" into library xil_defaultlib
INFO: [VRFC 10-311] analyzing module EffectLed
INFO: [VRFC 10-2263] Analyzing Verilog file "C:/Users/baobu/Downloads/Draft/Draft.srcs/sources_1/new/Effect_3.v" into library xil_defaultlib
INFO: [VRFC 10-311] analyzing module Effect_3
INFO: [VRFC 10-2263] Analyzing Verilog file "C:/Users/baobu/Downloads/Draft/Draft.srcs/sources_1/new/effectMode.v" into library xil_defaultlib
INFO: [VRFC 10-311] analyzing module effectMode
INFO: [VRFC 10-2263] Analyzing Verilog file "C:/Users/baobu/Downloads/Draft/Draft.srcs/sources_1/new/frequency.v" into library xil_defaultlib
INFO: [VRFC 10-311] analyzing module frequency
INFO: [VRFC 10-2263] Analyzing Verilog file "C:/Users/baobu/Downloads/Draft/Draft.srcs/sources_1/new/timer.v" into library xil_defaultlib
INFO: [VRFC 10-311] analyzing module timer
INFO: [VRFC 10-2263] Analyzing Verilog file "C:/Users/baobu/Downloads/Draft/Draft.srcs/sim_1/new/EffectLed_tb.v" into library xil_defaultlib
INFO: [VRFC 10-311] analyzing module EffectLed_tb
INFO: [USF-XSim-69] 'compile' step finished in '1' seconds
INFO: [USF-XSim-3] XSim::Elaborate design
INFO: [USF-XSim-61] Executing 'ELABORATE' step in 'C:/Users/baobu/Downloads/Draft/Draft.sim/sim_1/behav/xsim'
"xelab -wto 34e9bbf9c09a40f18c91e874179b9ba7 --incr --debug typical --relax --mt 2 -L xil_defaultlib -L unisims_ver -L unimacro_ver -L secureip --snapshot EffectLed_tb_behav xil_defaultlib.EffectLed_tb xil_defaultlib.glbl -log elaborate.log"
Vivado Simulator 2019.1
Copyright 1986-1999, 2001-2019 Xilinx, Inc. All Rights Reserved.
Running: C:/Xilinx/Vivado/2019.1/bin/unwrapped/win64.o/xelab.exe -wto 34e9bbf9c09a40f18c91e874179b9ba7 --incr --debug typical --relax --mt 2 -L xil_defaultlib -L unisims_ver -L unimacro_ver -L secureip --snapshot EffectLed_tb_behav xil_defaultlib.EffectLed_tb xil_defaultlib.glbl -log elaborate.log 
Using 2 slave threads.
Starting static elaboration
Completed static elaboration
Starting simulation data flow analysis
Completed simulation data flow analysis
Time Resolution for simulation is 1ps
Compiling module xil_defaultlib.effectMode
Compiling module xil_defaultlib.frequency
Compiling module xil_defaultlib.timer
Compiling module xil_defaultlib.Effect_3
Compiling module xil_defaultlib.EffectLed
Compiling module xil_defaultlib.EffectLed_tb
Compiling module xil_defaultlib.glbl
Built simulation snapshot EffectLed_tb_behav
INFO: [USF-XSim-69] 'elaborate' step finished in '3' seconds
INFO: [USF-XSim-4] XSim::Simulate design
INFO: [USF-XSim-61] Executing 'SIMULATE' step in 'C:/Users/baobu/Downloads/Draft/Draft.sim/sim_1/behav/xsim'
INFO: [USF-XSim-98] *** Running xsim
   with args "EffectLed_tb_behav -key {Behavioral:sim_1:Functional:EffectLed_tb} -tclbatch {EffectLed_tb.tcl} -log {simulate.log}"
INFO: [USF-XSim-8] Loading simulator feature
Vivado Simulator 2019.1
Time resolution is 1 ps
source EffectLed_tb.tcl
# set curr_wave [current_wave_config]
# if { [string length $curr_wave] == 0 } {
#   if { [llength [get_objects]] > 0} {
#     add_wave /
#     set_property needs_save false [current_wave_config]
#   } else {
#      send_msg_id Add_Wave-1 WARNING "No top level signals found. Simulator will start without a wave window. If you want to open a wave window go to 'File->New Waveform Configuration' or type 'create_wave_config' in the TCL console."
#   }
# }
# run 1000ns
INFO: [USF-XSim-96] XSim completed. Design snapshot 'EffectLed_tb_behav' loaded.
INFO: [USF-XSim-97] XSim simulation ran for 1000ns
launch_simulation: Time (s): cpu = 00:00:01 ; elapsed = 00:00:06 . Memory (MB): peak = 1897.867 ; gain = 0.000
close_sim
INFO: [Simtcl 6-16] Simulation closed
exit
INFO: [Common 17-206] Exiting Vivado at Thu Oct 24 20:59:43 2024...
