#-----------------------------------------------------------
# Vivado v2019.1 (64-bit)
# SW Build 2552052 on Fri May 24 14:49:42 MDT 2019
# IP Build 2548770 on Fri May 24 18:01:18 MDT 2019
# Start of session at: Thu Nov  7 09:44:07 2024
# Process ID: 24476
# Current directory: D:/BKU/HK241/Logic_Design_Project/Draft/Effect_Led_Project
# Command line: vivado.exe -gui_launcher_event rodinguilauncherevent24484 D:\BKU\HK241\Logic_Design_Project\Draft\Effect_Led_Project\Draft.xpr
# Log file: D:/BKU/HK241/Logic_Design_Project/Draft/Effect_Led_Project/vivado.log
# Journal file: D:/BKU/HK241/Logic_Design_Project/Draft/Effect_Led_Project\vivado.jou
#-----------------------------------------------------------
start_gui
open_project D:/BKU/HK241/Logic_Design_Project/Draft/Effect_Led_Project/Draft.xpr
INFO: [Project 1-313] Project file moved from 'D:/BKU/HK241/Logic_Design_Project/Draftv1.1/Effect_Led_Project' since last save.
Scanning sources...
Finished scanning sources
INFO: [IP_Flow 19-234] Refreshing IP repositories
INFO: [IP_Flow 19-1704] No user IP repositories specified
INFO: [IP_Flow 19-2313] Loaded Vivado IP repository 'C:/Xilinx/Vivado/2019.1/data/ip'.
open_project: Time (s): cpu = 00:00:04 ; elapsed = 00:00:07 . Memory (MB): peak = 711.852 ; gain = 76.480
update_compile_order -fileset sources_1
reset_run synth_1
launch_runs synth_1 -jobs 16
[Thu Nov  7 09:48:41 2024] Launched synth_1...
Run output will be captured here: D:/BKU/HK241/Logic_Design_Project/Draft/Effect_Led_Project/Draft.runs/synth_1/runme.log
launch_runs impl_1 -jobs 16
[Thu Nov  7 09:49:16 2024] Launched impl_1...
Run output will be captured here: D:/BKU/HK241/Logic_Design_Project/Draft/Effect_Led_Project/Draft.runs/impl_1/runme.log
launch_runs impl_1 -to_step write_bitstream -jobs 16
[Thu Nov  7 09:50:15 2024] Launched impl_1...
Run output will be captured here: D:/BKU/HK241/Logic_Design_Project/Draft/Effect_Led_Project/Draft.runs/impl_1/runme.log
open_hw
connect_hw_server
INFO: [Labtools 27-2285] Connecting to hw_server url TCP:localhost:3121
INFO: [Labtools 27-2222] Launching hw_server...
INFO: [Labtools 27-2221] Launch Output:

****** Xilinx hw_server v2019.1
  **** Build date : May 24 2019 at 15:13:31
    ** Copyright 1986-2019 Xilinx, Inc. All Rights Reserved.


open_hw_target
INFO: [Labtoolstcl 44-466] Opening hw_target localhost:3121/xilinx_tcf/Digilent/003017B3FA2CA
open_hw_target: Time (s): cpu = 00:00:03 ; elapsed = 00:00:05 . Memory (MB): peak = 1926.973 ; gain = 1114.109
set_property PROGRAM.FILE {D:/BKU/HK241/Logic_Design_Project/Draft/Effect_Led_Project/Draft.runs/impl_1/EffectLed.bit} [get_hw_devices xc7z020_1]
current_hw_device [get_hw_devices xc7z020_1]
refresh_hw_device -update_hw_probes false [lindex [get_hw_devices xc7z020_1] 0]
INFO: [Labtools 27-1434] Device xc7z020 (JTAG device index = 1) is programmed with a design that has no supported debug core(s) in it.
set_property PROBES.FILE {} [get_hw_devices xc7z020_1]
set_property FULL_PROBES.FILE {} [get_hw_devices xc7z020_1]
set_property PROGRAM.FILE {D:/BKU/HK241/Logic_Design_Project/Draft/Effect_Led_Project/Draft.runs/impl_1/EffectLed.bit} [get_hw_devices xc7z020_1]
program_hw_devices [get_hw_devices xc7z020_1]
INFO: [Labtools 27-3164] End of startup status: HIGH
refresh_hw_device [lindex [get_hw_devices xc7z020_1] 0]
INFO: [Labtools 27-1434] Device xc7z020 (JTAG device index = 1) is programmed with a design that has no supported debug core(s) in it.
ERROR: [Labtoolstcl 44-513] HW Target shutdown. Closing target: localhost:3121/xilinx_tcf/Digilent/003017B3FA2CA
INFO: [Labtoolstcl 44-466] Opening hw_target localhost:3121/xilinx_tcf/Digilent/003017B3FA2CA
WARNING: [Labtoolstcl 44-129] No matching hw_ila_data was found.
INFO: [Labtools 27-1435] Device xc7z020 (JTAG device index = 1) is not programmed (DONE status = 0).
WARNING: [Labtoolstcl 44-129] No matching hw_ila_data was found.
set_property PROBES.FILE {} [get_hw_devices xc7z020_1]
set_property FULL_PROBES.FILE {} [get_hw_devices xc7z020_1]
set_property PROGRAM.FILE {D:/BKU/HK241/Logic_Design_Project/Draft/Effect_Led_Project/Draft.runs/impl_1/EffectLed.bit} [get_hw_devices xc7z020_1]
program_hw_devices [get_hw_devices xc7z020_1]
INFO: [Labtools 27-3164] End of startup status: HIGH
refresh_hw_device [lindex [get_hw_devices xc7z020_1] 0]
INFO: [Labtools 27-1434] Device xc7z020 (JTAG device index = 1) is programmed with a design that has no supported debug core(s) in it.
set_property PROBES.FILE {} [get_hw_devices xc7z020_1]
set_property FULL_PROBES.FILE {} [get_hw_devices xc7z020_1]
set_property PROGRAM.FILE {D:/BKU/HK241/Logic_Design_Project/Draft/Effect_Led_Project/Draft.runs/impl_1/EffectLed.bit} [get_hw_devices xc7z020_1]
program_hw_devices [get_hw_devices xc7z020_1]
INFO: [Labtools 27-3164] End of startup status: HIGH
refresh_hw_device [lindex [get_hw_devices xc7z020_1] 0]
INFO: [Labtools 27-1434] Device xc7z020 (JTAG device index = 1) is programmed with a design that has no supported debug core(s) in it.
close_hw
reset_run synth_1
WARNING: [Vivado 12-1017] Problems encountered:
1. Failed to delete one or more files in run directory D:/BKU/HK241/Logic_Design_Project/Draft/Effect_Led_Project/Draft.runs/synth_1

launch_runs synth_1 -jobs 16
[Thu Nov  7 10:09:16 2024] Launched synth_1...
Run output will be captured here: D:/BKU/HK241/Logic_Design_Project/Draft/Effect_Led_Project/Draft.runs/synth_1/runme.log
launch_runs impl_1 -jobs 16
[Thu Nov  7 10:09:55 2024] Launched impl_1...
Run output will be captured here: D:/BKU/HK241/Logic_Design_Project/Draft/Effect_Led_Project/Draft.runs/impl_1/runme.log
launch_runs impl_1 -to_step write_bitstream -jobs 16
[Thu Nov  7 10:10:57 2024] Launched impl_1...
Run output will be captured here: D:/BKU/HK241/Logic_Design_Project/Draft/Effect_Led_Project/Draft.runs/impl_1/runme.log
open_hw
connect_hw_server
INFO: [Labtools 27-2285] Connecting to hw_server url TCP:localhost:3121
INFO: [Labtools 27-2222] Launching hw_server...
INFO: [Labtools 27-2221] Launch Output:

****** Xilinx hw_server v2019.1
  **** Build date : May 24 2019 at 15:13:31
    ** Copyright 1986-2019 Xilinx, Inc. All Rights Reserved.


open_hw_target
INFO: [Labtoolstcl 44-466] Opening hw_target localhost:3121/xilinx_tcf/Digilent/003017B3FA2CA
set_property PROGRAM.FILE {D:/BKU/HK241/Logic_Design_Project/Draft/Effect_Led_Project/Draft.runs/impl_1/EffectLed.bit} [get_hw_devices xc7z020_1]
current_hw_device [get_hw_devices xc7z020_1]
refresh_hw_device -update_hw_probes false [lindex [get_hw_devices xc7z020_1] 0]
INFO: [Labtools 27-1434] Device xc7z020 (JTAG device index = 1) is programmed with a design that has no supported debug core(s) in it.
set_property PROBES.FILE {} [get_hw_devices xc7z020_1]
set_property FULL_PROBES.FILE {} [get_hw_devices xc7z020_1]
set_property PROGRAM.FILE {D:/BKU/HK241/Logic_Design_Project/Draft/Effect_Led_Project/Draft.runs/impl_1/EffectLed.bit} [get_hw_devices xc7z020_1]
program_hw_devices [get_hw_devices xc7z020_1]
INFO: [Labtools 27-3164] End of startup status: HIGH
refresh_hw_device [lindex [get_hw_devices xc7z020_1] 0]
INFO: [Labtools 27-1434] Device xc7z020 (JTAG device index = 1) is programmed with a design that has no supported debug core(s) in it.
reset_run synth_1
WARNING: [Vivado 12-1017] Problems encountered:
1. Failed to delete one or more files in run directory D:/BKU/HK241/Logic_Design_Project/Draft/Effect_Led_Project/Draft.runs/synth_1

launch_runs synth_1 -jobs 16
[Thu Nov  7 10:27:39 2024] Launched synth_1...
Run output will be captured here: D:/BKU/HK241/Logic_Design_Project/Draft/Effect_Led_Project/Draft.runs/synth_1/runme.log
launch_runs impl_1 -jobs 16
[Thu Nov  7 10:28:11 2024] Launched impl_1...
Run output will be captured here: D:/BKU/HK241/Logic_Design_Project/Draft/Effect_Led_Project/Draft.runs/impl_1/runme.log
launch_runs impl_1 -to_step write_bitstream -jobs 16
[Thu Nov  7 10:29:09 2024] Launched impl_1...
Run output will be captured here: D:/BKU/HK241/Logic_Design_Project/Draft/Effect_Led_Project/Draft.runs/impl_1/runme.log
open_run impl_1
INFO: [Device 21-403] Loading part xc7z020clg400-1
INFO: [Netlist 29-17] Analyzing 8 Unisim elements for replacement
INFO: [Netlist 29-28] Unisim Transformation completed in 0 CPU seconds
INFO: [Project 1-479] Netlist was created with Vivado 2019.1
INFO: [Project 1-570] Preparing netlist for logic optimization
INFO: [Timing 38-478] Restoring timing data from binary archive.
INFO: [Timing 38-479] Binary timing data restore complete.
INFO: [Project 1-856] Restoring constraints from binary archive.
INFO: [Project 1-853] Binary constraint restore complete.
Reading XDEF placement.
Reading placer database...
Reading XDEF routing.
Read XDEF File: Time (s): cpu = 00:00:00 ; elapsed = 00:00:00.065 . Memory (MB): peak = 2897.184 ; gain = 0.000
Restored from archive | CPU: 0.000000 secs | Memory: 0.000000 MB |
Finished XDEF File Restore: Time (s): cpu = 00:00:00 ; elapsed = 00:00:00.066 . Memory (MB): peak = 2897.184 ; gain = 0.000
Netlist sorting complete. Time (s): cpu = 00:00:00 ; elapsed = 00:00:00 . Memory (MB): peak = 2897.184 ; gain = 0.000
INFO: [Project 1-111] Unisim Transformation Summary:
No Unisim elements were transformed.

open_run: Time (s): cpu = 00:00:19 ; elapsed = 00:00:23 . Memory (MB): peak = 3057.664 ; gain = 1076.598
WARNING: [Timing 38-313] There are no user specified timing constraints. Timing constraints are needed for proper timing analysis.
set_property PROBES.FILE {} [get_hw_devices xc7z020_1]
set_property FULL_PROBES.FILE {} [get_hw_devices xc7z020_1]
set_property PROGRAM.FILE {D:/BKU/HK241/Logic_Design_Project/Draft/Effect_Led_Project/Draft.runs/impl_1/EffectLed.bit} [get_hw_devices xc7z020_1]
program_hw_devices [get_hw_devices xc7z020_1]
INFO: [Labtools 27-3164] End of startup status: HIGH
refresh_hw_device [lindex [get_hw_devices xc7z020_1] 0]
INFO: [Labtools 27-1434] Device xc7z020 (JTAG device index = 1) is programmed with a design that has no supported debug core(s) in it.
close_hw
reset_run synth_1
WARNING: [Vivado 12-1017] Problems encountered:
1. Failed to delete one or more files in run directory D:/BKU/HK241/Logic_Design_Project/Draft/Effect_Led_Project/Draft.runs/synth_1

launch_runs synth_1 -jobs 16
[Thu Nov  7 10:37:45 2024] Launched synth_1...
Run output will be captured here: D:/BKU/HK241/Logic_Design_Project/Draft/Effect_Led_Project/Draft.runs/synth_1/runme.log
launch_runs impl_1 -jobs 16
[Thu Nov  7 10:38:36 2024] Launched impl_1...
Run output will be captured here: D:/BKU/HK241/Logic_Design_Project/Draft/Effect_Led_Project/Draft.runs/impl_1/runme.log
launch_runs impl_1 -to_step write_bitstream -jobs 16
[Thu Nov  7 10:39:35 2024] Launched impl_1...
Run output will be captured here: D:/BKU/HK241/Logic_Design_Project/Draft/Effect_Led_Project/Draft.runs/impl_1/runme.log
open_hw
connect_hw_server
INFO: [Labtools 27-2285] Connecting to hw_server url TCP:localhost:3121
INFO: [Labtools 27-2222] Launching hw_server...
INFO: [Labtools 27-2221] Launch Output:

****** Xilinx hw_server v2019.1
  **** Build date : May 24 2019 at 15:13:31
    ** Copyright 1986-2019 Xilinx, Inc. All Rights Reserved.


open_hw_target
INFO: [Labtoolstcl 44-466] Opening hw_target localhost:3121/xilinx_tcf/Digilent/003017B3FA2CA
set_property PROGRAM.FILE {D:/BKU/HK241/Logic_Design_Project/Draft/Effect_Led_Project/Draft.runs/impl_1/EffectLed.bit} [get_hw_devices xc7z020_1]
current_hw_device [get_hw_devices xc7z020_1]
refresh_hw_device -update_hw_probes false [lindex [get_hw_devices xc7z020_1] 0]
INFO: [Labtools 27-1434] Device xc7z020 (JTAG device index = 1) is programmed with a design that has no supported debug core(s) in it.
set_property PROBES.FILE {} [get_hw_devices xc7z020_1]
set_property FULL_PROBES.FILE {} [get_hw_devices xc7z020_1]
set_property PROGRAM.FILE {D:/BKU/HK241/Logic_Design_Project/Draft/Effect_Led_Project/Draft.runs/impl_1/EffectLed.bit} [get_hw_devices xc7z020_1]
program_hw_devices [get_hw_devices xc7z020_1]
INFO: [Labtools 27-3164] End of startup status: HIGH
refresh_hw_device [lindex [get_hw_devices xc7z020_1] 0]
INFO: [Labtools 27-1434] Device xc7z020 (JTAG device index = 1) is programmed with a design that has no supported debug core(s) in it.
launch_simulation
INFO: [Vivado 12-5682] Launching behavioral simulation in 'D:/BKU/HK241/Logic_Design_Project/Draft/Effect_Led_Project/Draft.sim/sim_1/behav/xsim'
INFO: [SIM-utils-51] Simulation object is 'sim_1'
INFO: [SIM-utils-54] Inspecting design source files for 'EffectLed_tb' in fileset 'sim_1'...
INFO: [USF-XSim-97] Finding global include files...
INFO: [USF-XSim-98] Fetching design files from 'sim_1'...
INFO: [USF-XSim-2] XSim::Compile design
INFO: [USF-XSim-61] Executing 'COMPILE and ANALYZE' step in 'D:/BKU/HK241/Logic_Design_Project/Draft/Effect_Led_Project/Draft.sim/sim_1/behav/xsim'
"xvlog --incr --relax -prj EffectLed_tb_vlog.prj"
INFO: [VRFC 10-2263] Analyzing Verilog file "D:/BKU/HK241/Logic_Design_Project/Draft/Effect_Led_Project/Draft.srcs/sources_1/new/EffectLed.v" into library xil_defaultlib
INFO: [VRFC 10-311] analyzing module EffectLed
INFO: [VRFC 10-2263] Analyzing Verilog file "D:/BKU/HK241/Logic_Design_Project/Draft/Effect_Led_Project/Draft.srcs/sources_1/new/Effect_1.v" into library xil_defaultlib
INFO: [VRFC 10-311] analyzing module Effect_1
INFO: [VRFC 10-2263] Analyzing Verilog file "D:/BKU/HK241/Logic_Design_Project/Draft/Effect_Led_Project/Draft.srcs/sources_1/new/Effect_2.v" into library xil_defaultlib
INFO: [VRFC 10-311] analyzing module Effect_2
INFO: [VRFC 10-2263] Analyzing Verilog file "D:/BKU/HK241/Logic_Design_Project/Draft/Effect_Led_Project/Draft.srcs/sources_1/new/Effect_3.v" into library xil_defaultlib
INFO: [VRFC 10-311] analyzing module Effect_3
INFO: [VRFC 10-2263] Analyzing Verilog file "D:/BKU/HK241/Logic_Design_Project/Draft/Effect_Led_Project/Draft.srcs/sources_1/new/Effect_4.v" into library xil_defaultlib
INFO: [VRFC 10-311] analyzing module Effect_4
INFO: [VRFC 10-2263] Analyzing Verilog file "D:/BKU/HK241/Logic_Design_Project/Draft/Effect_Led_Project/Draft.srcs/sources_1/new/Effect_5.v" into library xil_defaultlib
INFO: [VRFC 10-311] analyzing module Effect_5
INFO: [VRFC 10-2263] Analyzing Verilog file "D:/BKU/HK241/Logic_Design_Project/Draft/Effect_Led_Project/Draft.srcs/sources_1/new/effectMode.v" into library xil_defaultlib
INFO: [VRFC 10-311] analyzing module effectMode
INFO: [VRFC 10-2263] Analyzing Verilog file "D:/BKU/HK241/Logic_Design_Project/Draft/Effect_Led_Project/Draft.srcs/sources_1/new/frequency.v" into library xil_defaultlib
INFO: [VRFC 10-311] analyzing module frequency
INFO: [VRFC 10-2263] Analyzing Verilog file "D:/BKU/HK241/Logic_Design_Project/Draft/Effect_Led_Project/Draft.srcs/sources_1/new/timer.v" into library xil_defaultlib
INFO: [VRFC 10-311] analyzing module timer
INFO: [VRFC 10-2263] Analyzing Verilog file "D:/BKU/HK241/Logic_Design_Project/Draft/Effect_Led_Project/Draft.srcs/sim_1/new/EffectLed_tb.v" into library xil_defaultlib
INFO: [VRFC 10-311] analyzing module EffectLed_tb
INFO: [VRFC 10-2263] Analyzing Verilog file "D:/BKU/HK241/Logic_Design_Project/Draft/Effect_Led_Project/Draft.sim/sim_1/behav/xsim/glbl.v" into library xil_defaultlib
INFO: [VRFC 10-311] analyzing module glbl
INFO: [USF-XSim-69] 'compile' step finished in '2' seconds
INFO: [USF-XSim-3] XSim::Elaborate design
INFO: [USF-XSim-61] Executing 'ELABORATE' step in 'D:/BKU/HK241/Logic_Design_Project/Draft/Effect_Led_Project/Draft.sim/sim_1/behav/xsim'
"xelab -wto 34e9bbf9c09a40f18c91e874179b9ba7 --incr --debug typical --relax --mt 2 -L xil_defaultlib -L unisims_ver -L unimacro_ver -L secureip --snapshot EffectLed_tb_behav xil_defaultlib.EffectLed_tb xil_defaultlib.glbl -log elaborate.log"
Vivado Simulator 2019.1
Copyright 1986-1999, 2001-2019 Xilinx, Inc. All Rights Reserved.
Running: C:/Xilinx/Vivado/2019.1/bin/unwrapped/win64.o/xelab.exe -wto 34e9bbf9c09a40f18c91e874179b9ba7 --incr --debug typical --relax --mt 2 -L xil_defaultlib -L unisims_ver -L unimacro_ver -L secureip --snapshot EffectLed_tb_behav xil_defaultlib.EffectLed_tb xil_defaultlib.glbl -log elaborate.log 
Using 2 slave threads.
Starting static elaboration
WARNING: [VRFC 10-3091] actual bit length 7 differs from formal bit length 4 for port 'Led7SEG_2' [D:/BKU/HK241/Logic_Design_Project/Draft/Effect_Led_Project/Draft.srcs/sim_1/new/EffectLed_tb.v:29]
Completed static elaboration
Starting simulation data flow analysis
Completed simulation data flow analysis
Time Resolution for simulation is 1ps
Compiling module xil_defaultlib.frequency
Compiling module xil_defaultlib.timer
Compiling module xil_defaultlib.effectMode
Compiling module xil_defaultlib.Effect_1
Compiling module xil_defaultlib.Effect_2
Compiling module xil_defaultlib.Effect_3
Compiling module xil_defaultlib.Effect_4
Compiling module xil_defaultlib.Effect_5
Compiling module xil_defaultlib.EffectLed
Compiling module xil_defaultlib.EffectLed_tb
Compiling module xil_defaultlib.glbl
Built simulation snapshot EffectLed_tb_behav

****** Webtalk v2019.1 (64-bit)
  **** SW Build 2552052 on Fri May 24 14:49:42 MDT 2019
  **** IP Build 2548770 on Fri May 24 18:01:18 MDT 2019
    ** Copyright 1986-2019 Xilinx, Inc. All Rights Reserved.

source D:/BKU/HK241/Logic_Design_Project/Draft/Effect_Led_Project/Draft.sim/sim_1/behav/xsim/xsim.dir/EffectLed_tb_behav/webtalk/xsim_webtalk.tcl -notrace
INFO: [Common 17-206] Exiting Webtalk at Thu Nov  7 10:46:37 2024...
INFO: [USF-XSim-69] 'elaborate' step finished in '4' seconds
INFO: [USF-XSim-4] XSim::Simulate design
INFO: [USF-XSim-61] Executing 'SIMULATE' step in 'D:/BKU/HK241/Logic_Design_Project/Draft/Effect_Led_Project/Draft.sim/sim_1/behav/xsim'
INFO: [USF-XSim-98] *** Running xsim
   with args "EffectLed_tb_behav -key {Behavioral:sim_1:Functional:EffectLed_tb} -tclbatch {EffectLed_tb.tcl} -log {simulate.log}"
INFO: [USF-XSim-8] Loading simulator feature
Vivado Simulator 2019.1
Time resolution is 1 ps
source EffectLed_tb.tcl
# set curr_wave [current_wave_config]
# if { [string length $curr_wave] == 0 } {
#   if { [llength [get_objects]] > 0} {
#     add_wave /
#     set_property needs_save false [current_wave_config]
#   } else {
#      send_msg_id Add_Wave-1 WARNING "No top level signals found. Simulator will start without a wave window. If you want to open a wave window go to 'File->New Waveform Configuration' or type 'create_wave_config' in the TCL console."
#   }
# }
# run 1000ns
INFO: [USF-XSim-96] XSim completed. Design snapshot 'EffectLed_tb_behav' loaded.
INFO: [USF-XSim-97] XSim simulation ran for 1000ns
launch_simulation: Time (s): cpu = 00:00:02 ; elapsed = 00:00:10 . Memory (MB): peak = 3316.723 ; gain = 1.098
close_sim
INFO: [Simtcl 6-16] Simulation closed
launch_simulation
INFO: [Vivado 12-5682] Launching behavioral simulation in 'D:/BKU/HK241/Logic_Design_Project/Draft/Effect_Led_Project/Draft.sim/sim_1/behav/xsim'
INFO: [SIM-utils-51] Simulation object is 'sim_1'
INFO: [SIM-utils-54] Inspecting design source files for 'EffectLed_tb' in fileset 'sim_1'...
INFO: [USF-XSim-97] Finding global include files...
INFO: [USF-XSim-98] Fetching design files from 'sim_1'...
INFO: [USF-XSim-2] XSim::Compile design
INFO: [USF-XSim-61] Executing 'COMPILE and ANALYZE' step in 'D:/BKU/HK241/Logic_Design_Project/Draft/Effect_Led_Project/Draft.sim/sim_1/behav/xsim'
"xvlog --incr --relax -prj EffectLed_tb_vlog.prj"
INFO: [VRFC 10-2263] Analyzing Verilog file "D:/BKU/HK241/Logic_Design_Project/Draft/Effect_Led_Project/Draft.srcs/sources_1/new/EffectLed.v" into library xil_defaultlib
INFO: [VRFC 10-311] analyzing module EffectLed
INFO: [VRFC 10-2263] Analyzing Verilog file "D:/BKU/HK241/Logic_Design_Project/Draft/Effect_Led_Project/Draft.srcs/sources_1/new/Effect_1.v" into library xil_defaultlib
INFO: [VRFC 10-311] analyzing module Effect_1
INFO: [VRFC 10-2263] Analyzing Verilog file "D:/BKU/HK241/Logic_Design_Project/Draft/Effect_Led_Project/Draft.srcs/sources_1/new/Effect_2.v" into library xil_defaultlib
INFO: [VRFC 10-311] analyzing module Effect_2
INFO: [VRFC 10-2263] Analyzing Verilog file "D:/BKU/HK241/Logic_Design_Project/Draft/Effect_Led_Project/Draft.srcs/sources_1/new/Effect_3.v" into library xil_defaultlib
INFO: [VRFC 10-311] analyzing module Effect_3
INFO: [VRFC 10-2263] Analyzing Verilog file "D:/BKU/HK241/Logic_Design_Project/Draft/Effect_Led_Project/Draft.srcs/sources_1/new/Effect_4.v" into library xil_defaultlib
INFO: [VRFC 10-311] analyzing module Effect_4
INFO: [VRFC 10-2263] Analyzing Verilog file "D:/BKU/HK241/Logic_Design_Project/Draft/Effect_Led_Project/Draft.srcs/sources_1/new/Effect_5.v" into library xil_defaultlib
INFO: [VRFC 10-311] analyzing module Effect_5
INFO: [VRFC 10-2263] Analyzing Verilog file "D:/BKU/HK241/Logic_Design_Project/Draft/Effect_Led_Project/Draft.srcs/sources_1/new/effectMode.v" into library xil_defaultlib
INFO: [VRFC 10-311] analyzing module effectMode
INFO: [VRFC 10-2263] Analyzing Verilog file "D:/BKU/HK241/Logic_Design_Project/Draft/Effect_Led_Project/Draft.srcs/sources_1/new/frequency.v" into library xil_defaultlib
INFO: [VRFC 10-311] analyzing module frequency
INFO: [VRFC 10-2263] Analyzing Verilog file "D:/BKU/HK241/Logic_Design_Project/Draft/Effect_Led_Project/Draft.srcs/sources_1/new/timer.v" into library xil_defaultlib
INFO: [VRFC 10-311] analyzing module timer
INFO: [VRFC 10-2263] Analyzing Verilog file "D:/BKU/HK241/Logic_Design_Project/Draft/Effect_Led_Project/Draft.srcs/sim_1/new/EffectLed_tb.v" into library xil_defaultlib
INFO: [VRFC 10-311] analyzing module EffectLed_tb
INFO: [USF-XSim-69] 'compile' step finished in '1' seconds
INFO: [USF-XSim-3] XSim::Elaborate design
INFO: [USF-XSim-61] Executing 'ELABORATE' step in 'D:/BKU/HK241/Logic_Design_Project/Draft/Effect_Led_Project/Draft.sim/sim_1/behav/xsim'
"xelab -wto 34e9bbf9c09a40f18c91e874179b9ba7 --incr --debug typical --relax --mt 2 -L xil_defaultlib -L unisims_ver -L unimacro_ver -L secureip --snapshot EffectLed_tb_behav xil_defaultlib.EffectLed_tb xil_defaultlib.glbl -log elaborate.log"
Vivado Simulator 2019.1
Copyright 1986-1999, 2001-2019 Xilinx, Inc. All Rights Reserved.
Running: C:/Xilinx/Vivado/2019.1/bin/unwrapped/win64.o/xelab.exe -wto 34e9bbf9c09a40f18c91e874179b9ba7 --incr --debug typical --relax --mt 2 -L xil_defaultlib -L unisims_ver -L unimacro_ver -L secureip --snapshot EffectLed_tb_behav xil_defaultlib.EffectLed_tb xil_defaultlib.glbl -log elaborate.log 
Using 2 slave threads.
Starting static elaboration
Completed static elaboration
Starting simulation data flow analysis
Completed simulation data flow analysis
Time Resolution for simulation is 1ps
Compiling module xil_defaultlib.frequency
Compiling module xil_defaultlib.timer
Compiling module xil_defaultlib.effectMode
Compiling module xil_defaultlib.Effect_1
Compiling module xil_defaultlib.Effect_2
Compiling module xil_defaultlib.Effect_3
Compiling module xil_defaultlib.Effect_4
Compiling module xil_defaultlib.Effect_5
Compiling module xil_defaultlib.EffectLed
Compiling module xil_defaultlib.EffectLed_tb
Compiling module xil_defaultlib.glbl
Built simulation snapshot EffectLed_tb_behav
INFO: [USF-XSim-69] 'elaborate' step finished in '2' seconds
INFO: [USF-XSim-4] XSim::Simulate design
INFO: [USF-XSim-61] Executing 'SIMULATE' step in 'D:/BKU/HK241/Logic_Design_Project/Draft/Effect_Led_Project/Draft.sim/sim_1/behav/xsim'
INFO: [USF-XSim-98] *** Running xsim
   with args "EffectLed_tb_behav -key {Behavioral:sim_1:Functional:EffectLed_tb} -tclbatch {EffectLed_tb.tcl} -log {simulate.log}"
INFO: [USF-XSim-8] Loading simulator feature
Vivado Simulator 2019.1
Time resolution is 1 ps
source EffectLed_tb.tcl
# set curr_wave [current_wave_config]
# if { [string length $curr_wave] == 0 } {
#   if { [llength [get_objects]] > 0} {
#     add_wave /
#     set_property needs_save false [current_wave_config]
#   } else {
#      send_msg_id Add_Wave-1 WARNING "No top level signals found. Simulator will start without a wave window. If you want to open a wave window go to 'File->New Waveform Configuration' or type 'create_wave_config' in the TCL console."
#   }
# }
# run 1000ns
INFO: [USF-XSim-96] XSim completed. Design snapshot 'EffectLed_tb_behav' loaded.
INFO: [USF-XSim-97] XSim simulation ran for 1000ns
reset_run synth_1
WARNING: [Vivado 12-1017] Problems encountered:
1. Failed to delete one or more files in run directory D:/BKU/HK241/Logic_Design_Project/Draft/Effect_Led_Project/Draft.runs/synth_1

launch_runs synth_1 -jobs 16
[Thu Nov  7 10:58:37 2024] Launched synth_1...
Run output will be captured here: D:/BKU/HK241/Logic_Design_Project/Draft/Effect_Led_Project/Draft.runs/synth_1/runme.log
reset_run synth_1
WARNING: [Vivado 12-1017] Problems encountered:
1. Failed to delete one or more files in run directory D:/BKU/HK241/Logic_Design_Project/Draft/Effect_Led_Project/Draft.runs/synth_1

launch_runs synth_1 -jobs 16
[Thu Nov  7 10:59:09 2024] Launched synth_1...
Run output will be captured here: D:/BKU/HK241/Logic_Design_Project/Draft/Effect_Led_Project/Draft.runs/synth_1/runme.log
reset_run synth_1
WARNING: [Vivado 12-1017] Problems encountered:
1. Failed to delete one or more files in run directory D:/BKU/HK241/Logic_Design_Project/Draft/Effect_Led_Project/Draft.runs/synth_1

launch_runs synth_1 -jobs 16
[Thu Nov  7 11:00:05 2024] Launched synth_1...
Run output will be captured here: D:/BKU/HK241/Logic_Design_Project/Draft/Effect_Led_Project/Draft.runs/synth_1/runme.log
launch_runs impl_1 -jobs 16
[Thu Nov  7 11:00:37 2024] Launched impl_1...
Run output will be captured here: D:/BKU/HK241/Logic_Design_Project/Draft/Effect_Led_Project/Draft.runs/impl_1/runme.log
launch_runs impl_1 -to_step write_bitstream -jobs 16
[Thu Nov  7 11:01:54 2024] Launched impl_1...
Run output will be captured here: D:/BKU/HK241/Logic_Design_Project/Draft/Effect_Led_Project/Draft.runs/impl_1/runme.log
set_property PROBES.FILE {} [get_hw_devices xc7z020_1]
set_property FULL_PROBES.FILE {} [get_hw_devices xc7z020_1]
set_property PROGRAM.FILE {D:/BKU/HK241/Logic_Design_Project/Draft/Effect_Led_Project/Draft.runs/impl_1/EffectLed.bit} [get_hw_devices xc7z020_1]
program_hw_devices [get_hw_devices xc7z020_1]
INFO: [Labtools 27-3164] End of startup status: HIGH
refresh_hw_device [lindex [get_hw_devices xc7z020_1] 0]
INFO: [Labtools 27-1434] Device xc7z020 (JTAG device index = 1) is programmed with a design that has no supported debug core(s) in it.
close_sim
INFO: [Simtcl 6-16] Simulation closed
launch_simulation
INFO: [Vivado 12-5682] Launching behavioral simulation in 'D:/BKU/HK241/Logic_Design_Project/Draft/Effect_Led_Project/Draft.sim/sim_1/behav/xsim'
INFO: [SIM-utils-51] Simulation object is 'sim_1'
INFO: [SIM-utils-54] Inspecting design source files for 'EffectLed_tb' in fileset 'sim_1'...
INFO: [USF-XSim-97] Finding global include files...
INFO: [USF-XSim-98] Fetching design files from 'sim_1'...
INFO: [USF-XSim-2] XSim::Compile design
INFO: [USF-XSim-61] Executing 'COMPILE and ANALYZE' step in 'D:/BKU/HK241/Logic_Design_Project/Draft/Effect_Led_Project/Draft.sim/sim_1/behav/xsim'
"xvlog --incr --relax -prj EffectLed_tb_vlog.prj"
INFO: [VRFC 10-2263] Analyzing Verilog file "D:/BKU/HK241/Logic_Design_Project/Draft/Effect_Led_Project/Draft.srcs/sources_1/new/EffectLed.v" into library xil_defaultlib
INFO: [VRFC 10-311] analyzing module EffectLed
INFO: [VRFC 10-2263] Analyzing Verilog file "D:/BKU/HK241/Logic_Design_Project/Draft/Effect_Led_Project/Draft.srcs/sources_1/new/Effect_1.v" into library xil_defaultlib
INFO: [VRFC 10-311] analyzing module Effect_1
INFO: [VRFC 10-2263] Analyzing Verilog file "D:/BKU/HK241/Logic_Design_Project/Draft/Effect_Led_Project/Draft.srcs/sources_1/new/Effect_2.v" into library xil_defaultlib
INFO: [VRFC 10-311] analyzing module Effect_2
INFO: [VRFC 10-2263] Analyzing Verilog file "D:/BKU/HK241/Logic_Design_Project/Draft/Effect_Led_Project/Draft.srcs/sources_1/new/Effect_3.v" into library xil_defaultlib
INFO: [VRFC 10-311] analyzing module Effect_3
INFO: [VRFC 10-2263] Analyzing Verilog file "D:/BKU/HK241/Logic_Design_Project/Draft/Effect_Led_Project/Draft.srcs/sources_1/new/Effect_4.v" into library xil_defaultlib
INFO: [VRFC 10-311] analyzing module Effect_4
INFO: [VRFC 10-2263] Analyzing Verilog file "D:/BKU/HK241/Logic_Design_Project/Draft/Effect_Led_Project/Draft.srcs/sources_1/new/Effect_5.v" into library xil_defaultlib
INFO: [VRFC 10-311] analyzing module Effect_5
INFO: [VRFC 10-2263] Analyzing Verilog file "D:/BKU/HK241/Logic_Design_Project/Draft/Effect_Led_Project/Draft.srcs/sources_1/new/effectMode.v" into library xil_defaultlib
INFO: [VRFC 10-311] analyzing module effectMode
INFO: [VRFC 10-2263] Analyzing Verilog file "D:/BKU/HK241/Logic_Design_Project/Draft/Effect_Led_Project/Draft.srcs/sources_1/new/frequency.v" into library xil_defaultlib
INFO: [VRFC 10-311] analyzing module frequency
INFO: [VRFC 10-2263] Analyzing Verilog file "D:/BKU/HK241/Logic_Design_Project/Draft/Effect_Led_Project/Draft.srcs/sources_1/new/timer.v" into library xil_defaultlib
INFO: [VRFC 10-311] analyzing module timer
INFO: [VRFC 10-2263] Analyzing Verilog file "D:/BKU/HK241/Logic_Design_Project/Draft/Effect_Led_Project/Draft.srcs/sim_1/new/EffectLed_tb.v" into library xil_defaultlib
INFO: [VRFC 10-311] analyzing module EffectLed_tb
INFO: [USF-XSim-69] 'compile' step finished in '1' seconds
INFO: [USF-XSim-3] XSim::Elaborate design
INFO: [USF-XSim-61] Executing 'ELABORATE' step in 'D:/BKU/HK241/Logic_Design_Project/Draft/Effect_Led_Project/Draft.sim/sim_1/behav/xsim'
"xelab -wto 34e9bbf9c09a40f18c91e874179b9ba7 --incr --debug typical --relax --mt 2 -L xil_defaultlib -L unisims_ver -L unimacro_ver -L secureip --snapshot EffectLed_tb_behav xil_defaultlib.EffectLed_tb xil_defaultlib.glbl -log elaborate.log"
Vivado Simulator 2019.1
Copyright 1986-1999, 2001-2019 Xilinx, Inc. All Rights Reserved.
Running: C:/Xilinx/Vivado/2019.1/bin/unwrapped/win64.o/xelab.exe -wto 34e9bbf9c09a40f18c91e874179b9ba7 --incr --debug typical --relax --mt 2 -L xil_defaultlib -L unisims_ver -L unimacro_ver -L secureip --snapshot EffectLed_tb_behav xil_defaultlib.EffectLed_tb xil_defaultlib.glbl -log elaborate.log 
Using 2 slave threads.
Starting static elaboration
Completed static elaboration
Starting simulation data flow analysis
Completed simulation data flow analysis
Time Resolution for simulation is 1ps
Compiling module xil_defaultlib.frequency
Compiling module xil_defaultlib.timer
Compiling module xil_defaultlib.effectMode
Compiling module xil_defaultlib.Effect_1
Compiling module xil_defaultlib.Effect_2
Compiling module xil_defaultlib.Effect_3
Compiling module xil_defaultlib.Effect_4
Compiling module xil_defaultlib.Effect_5
Compiling module xil_defaultlib.EffectLed
Compiling module xil_defaultlib.EffectLed_tb
Compiling module xil_defaultlib.glbl
Built simulation snapshot EffectLed_tb_behav
INFO: [USF-XSim-69] 'elaborate' step finished in '2' seconds
INFO: [USF-XSim-4] XSim::Simulate design
INFO: [USF-XSim-61] Executing 'SIMULATE' step in 'D:/BKU/HK241/Logic_Design_Project/Draft/Effect_Led_Project/Draft.sim/sim_1/behav/xsim'
INFO: [USF-XSim-98] *** Running xsim
   with args "EffectLed_tb_behav -key {Behavioral:sim_1:Functional:EffectLed_tb} -tclbatch {EffectLed_tb.tcl} -log {simulate.log}"
INFO: [USF-XSim-8] Loading simulator feature
Vivado Simulator 2019.1
Time resolution is 1 ps
source EffectLed_tb.tcl
# set curr_wave [current_wave_config]
# if { [string length $curr_wave] == 0 } {
#   if { [llength [get_objects]] > 0} {
#     add_wave /
#     set_property needs_save false [current_wave_config]
#   } else {
#      send_msg_id Add_Wave-1 WARNING "No top level signals found. Simulator will start without a wave window. If you want to open a wave window go to 'File->New Waveform Configuration' or type 'create_wave_config' in the TCL console."
#   }
# }
# run 1000ns
INFO: [USF-XSim-96] XSim completed. Design snapshot 'EffectLed_tb_behav' loaded.
INFO: [USF-XSim-97] XSim simulation ran for 1000ns
launch_simulation: Time (s): cpu = 00:00:00 ; elapsed = 00:00:05 . Memory (MB): peak = 3550.707 ; gain = 0.590
close_sim
INFO: [Simtcl 6-16] Simulation closed
reset_run synth_1
WARNING: [Vivado 12-1017] Problems encountered:
1. Failed to delete one or more files in run directory D:/BKU/HK241/Logic_Design_Project/Draft/Effect_Led_Project/Draft.runs/synth_1

launch_runs synth_1 -jobs 16
[Thu Nov  7 11:09:54 2024] Launched synth_1...
Run output will be captured here: D:/BKU/HK241/Logic_Design_Project/Draft/Effect_Led_Project/Draft.runs/synth_1/runme.log
launch_runs impl_1 -jobs 16
[Thu Nov  7 11:10:27 2024] Launched impl_1...
Run output will be captured here: D:/BKU/HK241/Logic_Design_Project/Draft/Effect_Led_Project/Draft.runs/impl_1/runme.log
launch_runs impl_1 -to_step write_bitstream -jobs 16
[Thu Nov  7 11:11:24 2024] Launched impl_1...
Run output will be captured here: D:/BKU/HK241/Logic_Design_Project/Draft/Effect_Led_Project/Draft.runs/impl_1/runme.log
launch_simulation
INFO: [Vivado 12-5682] Launching behavioral simulation in 'D:/BKU/HK241/Logic_Design_Project/Draft/Effect_Led_Project/Draft.sim/sim_1/behav/xsim'
INFO: [SIM-utils-51] Simulation object is 'sim_1'
INFO: [SIM-utils-54] Inspecting design source files for 'EffectLed_tb' in fileset 'sim_1'...
INFO: [USF-XSim-97] Finding global include files...
INFO: [USF-XSim-98] Fetching design files from 'sim_1'...
INFO: [USF-XSim-2] XSim::Compile design
INFO: [USF-XSim-61] Executing 'COMPILE and ANALYZE' step in 'D:/BKU/HK241/Logic_Design_Project/Draft/Effect_Led_Project/Draft.sim/sim_1/behav/xsim'
"xvlog --incr --relax -prj EffectLed_tb_vlog.prj"
INFO: [VRFC 10-2263] Analyzing Verilog file "D:/BKU/HK241/Logic_Design_Project/Draft/Effect_Led_Project/Draft.srcs/sources_1/new/EffectLed.v" into library xil_defaultlib
INFO: [VRFC 10-311] analyzing module EffectLed
INFO: [VRFC 10-2263] Analyzing Verilog file "D:/BKU/HK241/Logic_Design_Project/Draft/Effect_Led_Project/Draft.srcs/sources_1/new/Effect_1.v" into library xil_defaultlib
INFO: [VRFC 10-311] analyzing module Effect_1
INFO: [VRFC 10-2263] Analyzing Verilog file "D:/BKU/HK241/Logic_Design_Project/Draft/Effect_Led_Project/Draft.srcs/sources_1/new/Effect_2.v" into library xil_defaultlib
INFO: [VRFC 10-311] analyzing module Effect_2
INFO: [VRFC 10-2263] Analyzing Verilog file "D:/BKU/HK241/Logic_Design_Project/Draft/Effect_Led_Project/Draft.srcs/sources_1/new/Effect_3.v" into library xil_defaultlib
INFO: [VRFC 10-311] analyzing module Effect_3
INFO: [VRFC 10-2263] Analyzing Verilog file "D:/BKU/HK241/Logic_Design_Project/Draft/Effect_Led_Project/Draft.srcs/sources_1/new/Effect_4.v" into library xil_defaultlib
INFO: [VRFC 10-311] analyzing module Effect_4
INFO: [VRFC 10-2263] Analyzing Verilog file "D:/BKU/HK241/Logic_Design_Project/Draft/Effect_Led_Project/Draft.srcs/sources_1/new/Effect_5.v" into library xil_defaultlib
INFO: [VRFC 10-311] analyzing module Effect_5
INFO: [VRFC 10-2263] Analyzing Verilog file "D:/BKU/HK241/Logic_Design_Project/Draft/Effect_Led_Project/Draft.srcs/sources_1/new/effectMode.v" into library xil_defaultlib
INFO: [VRFC 10-311] analyzing module effectMode
INFO: [VRFC 10-2263] Analyzing Verilog file "D:/BKU/HK241/Logic_Design_Project/Draft/Effect_Led_Project/Draft.srcs/sources_1/new/frequency.v" into library xil_defaultlib
INFO: [VRFC 10-311] analyzing module frequency
INFO: [VRFC 10-2263] Analyzing Verilog file "D:/BKU/HK241/Logic_Design_Project/Draft/Effect_Led_Project/Draft.srcs/sources_1/new/timer.v" into library xil_defaultlib
INFO: [VRFC 10-311] analyzing module timer
INFO: [VRFC 10-2263] Analyzing Verilog file "D:/BKU/HK241/Logic_Design_Project/Draft/Effect_Led_Project/Draft.srcs/sim_1/new/EffectLed_tb.v" into library xil_defaultlib
INFO: [VRFC 10-311] analyzing module EffectLed_tb
INFO: [USF-XSim-69] 'compile' step finished in '1' seconds
INFO: [USF-XSim-3] XSim::Elaborate design
INFO: [USF-XSim-61] Executing 'ELABORATE' step in 'D:/BKU/HK241/Logic_Design_Project/Draft/Effect_Led_Project/Draft.sim/sim_1/behav/xsim'
"xelab -wto 34e9bbf9c09a40f18c91e874179b9ba7 --incr --debug typical --relax --mt 2 -L xil_defaultlib -L unisims_ver -L unimacro_ver -L secureip --snapshot EffectLed_tb_behav xil_defaultlib.EffectLed_tb xil_defaultlib.glbl -log elaborate.log"
Vivado Simulator 2019.1
Copyright 1986-1999, 2001-2019 Xilinx, Inc. All Rights Reserved.
Running: C:/Xilinx/Vivado/2019.1/bin/unwrapped/win64.o/xelab.exe -wto 34e9bbf9c09a40f18c91e874179b9ba7 --incr --debug typical --relax --mt 2 -L xil_defaultlib -L unisims_ver -L unimacro_ver -L secureip --snapshot EffectLed_tb_behav xil_defaultlib.EffectLed_tb xil_defaultlib.glbl -log elaborate.log 
Using 2 slave threads.
Starting static elaboration
Completed static elaboration
Starting simulation data flow analysis
Completed simulation data flow analysis
Time Resolution for simulation is 1ps
Compiling module xil_defaultlib.frequency
Compiling module xil_defaultlib.timer
Compiling module xil_defaultlib.effectMode
Compiling module xil_defaultlib.Effect_1
Compiling module xil_defaultlib.Effect_2
Compiling module xil_defaultlib.Effect_3
Compiling module xil_defaultlib.Effect_4
Compiling module xil_defaultlib.Effect_5
Compiling module xil_defaultlib.EffectLed
Compiling module xil_defaultlib.EffectLed_tb
Compiling module xil_defaultlib.glbl
Built simulation snapshot EffectLed_tb_behav
INFO: [USF-XSim-69] 'elaborate' step finished in '2' seconds
INFO: [USF-XSim-4] XSim::Simulate design
INFO: [USF-XSim-61] Executing 'SIMULATE' step in 'D:/BKU/HK241/Logic_Design_Project/Draft/Effect_Led_Project/Draft.sim/sim_1/behav/xsim'
INFO: [USF-XSim-98] *** Running xsim
   with args "EffectLed_tb_behav -key {Behavioral:sim_1:Functional:EffectLed_tb} -tclbatch {EffectLed_tb.tcl} -log {simulate.log}"
INFO: [USF-XSim-8] Loading simulator feature
Vivado Simulator 2019.1
Time resolution is 1 ps
source EffectLed_tb.tcl
# set curr_wave [current_wave_config]
# if { [string length $curr_wave] == 0 } {
#   if { [llength [get_objects]] > 0} {
#     add_wave /
#     set_property needs_save false [current_wave_config]
#   } else {
#      send_msg_id Add_Wave-1 WARNING "No top level signals found. Simulator will start without a wave window. If you want to open a wave window go to 'File->New Waveform Configuration' or type 'create_wave_config' in the TCL console."
#   }
# }
# run 1000ns
INFO: [USF-XSim-96] XSim completed. Design snapshot 'EffectLed_tb_behav' loaded.
INFO: [USF-XSim-97] XSim simulation ran for 1000ns
set_property PROBES.FILE {} [get_hw_devices xc7z020_1]
set_property FULL_PROBES.FILE {} [get_hw_devices xc7z020_1]
set_property PROGRAM.FILE {D:/BKU/HK241/Logic_Design_Project/Draft/Effect_Led_Project/Draft.runs/impl_1/EffectLed.bit} [get_hw_devices xc7z020_1]
program_hw_devices [get_hw_devices xc7z020_1]
INFO: [Labtools 27-3164] End of startup status: HIGH
refresh_hw_device [lindex [get_hw_devices xc7z020_1] 0]
INFO: [Labtools 27-1434] Device xc7z020 (JTAG device index = 1) is programmed with a design that has no supported debug core(s) in it.
reset_run impl_1 -prev_step 
launch_runs impl_1 -to_step write_bitstream -jobs 16
[Thu Nov  7 11:12:49 2024] Launched impl_1...
Run output will be captured here: D:/BKU/HK241/Logic_Design_Project/Draft/Effect_Led_Project/Draft.runs/impl_1/runme.log
set_property PROBES.FILE {} [get_hw_devices xc7z020_1]
set_property FULL_PROBES.FILE {} [get_hw_devices xc7z020_1]
set_property PROGRAM.FILE {D:/BKU/HK241/Logic_Design_Project/Draft/Effect_Led_Project/Draft.runs/impl_1/EffectLed.bit} [get_hw_devices xc7z020_1]
program_hw_devices [get_hw_devices xc7z020_1]
INFO: [Labtools 27-3164] End of startup status: HIGH
refresh_hw_device [lindex [get_hw_devices xc7z020_1] 0]
INFO: [Labtools 27-1434] Device xc7z020 (JTAG device index = 1) is programmed with a design that has no supported debug core(s) in it.
close_hw
reset_run synth_1
WARNING: [Vivado 12-1017] Problems encountered:
1. Failed to delete one or more files in run directory D:/BKU/HK241/Logic_Design_Project/Draft/Effect_Led_Project/Draft.runs/synth_1

launch_runs synth_1 -jobs 16
[Thu Nov  7 11:15:16 2024] Launched synth_1...
Run output will be captured here: D:/BKU/HK241/Logic_Design_Project/Draft/Effect_Led_Project/Draft.runs/synth_1/runme.log
launch_runs impl_1 -jobs 16
[Thu Nov  7 11:18:50 2024] Launched impl_1...
Run output will be captured here: D:/BKU/HK241/Logic_Design_Project/Draft/Effect_Led_Project/Draft.runs/impl_1/runme.log
reset_run synth_1
WARNING: [Vivado 12-1017] Problems encountered:
1. Failed to delete one or more files in run directory D:/BKU/HK241/Logic_Design_Project/Draft/Effect_Led_Project/Draft.runs/synth_1

launch_runs synth_1 -jobs 16
[Thu Nov  7 11:19:22 2024] Launched synth_1...
Run output will be captured here: D:/BKU/HK241/Logic_Design_Project/Draft/Effect_Led_Project/Draft.runs/synth_1/runme.log
launch_runs impl_1 -jobs 16
[Thu Nov  7 11:19:58 2024] Launched impl_1...
Run output will be captured here: D:/BKU/HK241/Logic_Design_Project/Draft/Effect_Led_Project/Draft.runs/impl_1/runme.log
launch_runs impl_1 -to_step write_bitstream -jobs 16
[Thu Nov  7 11:20:54 2024] Launched impl_1...
Run output will be captured here: D:/BKU/HK241/Logic_Design_Project/Draft/Effect_Led_Project/Draft.runs/impl_1/runme.log
open_hw
connect_hw_server
INFO: [Labtools 27-2285] Connecting to hw_server url TCP:localhost:3121
INFO: [Labtools 27-2222] Launching hw_server...
INFO: [Labtools 27-2221] Launch Output:

****** Xilinx hw_server v2019.1
  **** Build date : May 24 2019 at 15:13:31
    ** Copyright 1986-2019 Xilinx, Inc. All Rights Reserved.


open_hw_target
INFO: [Labtoolstcl 44-466] Opening hw_target localhost:3121/xilinx_tcf/Digilent/003017B3FA2CA
set_property PROGRAM.FILE {D:/BKU/HK241/Logic_Design_Project/Draft/Effect_Led_Project/Draft.runs/impl_1/EffectLed.bit} [get_hw_devices xc7z020_1]
current_hw_device [get_hw_devices xc7z020_1]
refresh_hw_device -update_hw_probes false [lindex [get_hw_devices xc7z020_1] 0]
INFO: [Labtools 27-1434] Device xc7z020 (JTAG device index = 1) is programmed with a design that has no supported debug core(s) in it.
set_property PROBES.FILE {} [get_hw_devices xc7z020_1]
set_property FULL_PROBES.FILE {} [get_hw_devices xc7z020_1]
set_property PROGRAM.FILE {D:/BKU/HK241/Logic_Design_Project/Draft/Effect_Led_Project/Draft.runs/impl_1/EffectLed.bit} [get_hw_devices xc7z020_1]
program_hw_devices [get_hw_devices xc7z020_1]
INFO: [Labtools 27-3164] End of startup status: HIGH
refresh_hw_device [lindex [get_hw_devices xc7z020_1] 0]
INFO: [Labtools 27-1434] Device xc7z020 (JTAG device index = 1) is programmed with a design that has no supported debug core(s) in it.
reset_run synth_1
WARNING: [Vivado 12-1017] Problems encountered:
1. Failed to delete one or more files in run directory D:/BKU/HK241/Logic_Design_Project/Draft/Effect_Led_Project/Draft.runs/synth_1

launch_runs synth_1 -jobs 16
[Thu Nov  7 11:23:48 2024] Launched synth_1...
Run output will be captured here: D:/BKU/HK241/Logic_Design_Project/Draft/Effect_Led_Project/Draft.runs/synth_1/runme.log
launch_runs impl_1 -jobs 16
[Thu Nov  7 11:24:20 2024] Launched impl_1...
Run output will be captured here: D:/BKU/HK241/Logic_Design_Project/Draft/Effect_Led_Project/Draft.runs/impl_1/runme.log
launch_runs impl_1 -to_step write_bitstream -jobs 16
[Thu Nov  7 11:25:14 2024] Launched impl_1...
Run output will be captured here: D:/BKU/HK241/Logic_Design_Project/Draft/Effect_Led_Project/Draft.runs/impl_1/runme.log
reset_run synth_1
WARNING: [Vivado 12-1017] Problems encountered:
1. Failed to delete one or more files in run directory D:/BKU/HK241/Logic_Design_Project/Draft/Effect_Led_Project/Draft.runs/synth_1

launch_runs synth_1 -jobs 16
[Thu Nov  7 11:27:04 2024] Launched synth_1...
Run output will be captured here: D:/BKU/HK241/Logic_Design_Project/Draft/Effect_Led_Project/Draft.runs/synth_1/runme.log
launch_runs impl_1 -jobs 16
[Thu Nov  7 11:27:37 2024] Launched impl_1...
Run output will be captured here: D:/BKU/HK241/Logic_Design_Project/Draft/Effect_Led_Project/Draft.runs/impl_1/runme.log
reset_run impl_1
reset_run synth_1
WARNING: [Vivado 12-1017] Problems encountered:
1. Failed to delete one or more files in run directory D:/BKU/HK241/Logic_Design_Project/Draft/Effect_Led_Project/Draft.runs/synth_1

launch_runs synth_1 -jobs 16
[Thu Nov  7 11:28:20 2024] Launched synth_1...
Run output will be captured here: D:/BKU/HK241/Logic_Design_Project/Draft/Effect_Led_Project/Draft.runs/synth_1/runme.log
launch_runs impl_1 -jobs 16
[Thu Nov  7 11:29:01 2024] Launched impl_1...
Run output will be captured here: D:/BKU/HK241/Logic_Design_Project/Draft/Effect_Led_Project/Draft.runs/impl_1/runme.log
launch_runs impl_1 -to_step write_bitstream -jobs 16
[Thu Nov  7 11:29:58 2024] Launched impl_1...
Run output will be captured here: D:/BKU/HK241/Logic_Design_Project/Draft/Effect_Led_Project/Draft.runs/impl_1/runme.log
set_property PROBES.FILE {} [get_hw_devices xc7z020_1]
set_property FULL_PROBES.FILE {} [get_hw_devices xc7z020_1]
set_property PROGRAM.FILE {D:/BKU/HK241/Logic_Design_Project/Draft/Effect_Led_Project/Draft.runs/impl_1/EffectLed.bit} [get_hw_devices xc7z020_1]
program_hw_devices [get_hw_devices xc7z020_1]
INFO: [Labtools 27-3164] End of startup status: HIGH
refresh_hw_device [lindex [get_hw_devices xc7z020_1] 0]
INFO: [Labtools 27-1434] Device xc7z020 (JTAG device index = 1) is programmed with a design that has no supported debug core(s) in it.
reset_run synth_1
WARNING: [Vivado 12-1017] Problems encountered:
1. Failed to delete one or more files in run directory D:/BKU/HK241/Logic_Design_Project/Draft/Effect_Led_Project/Draft.runs/synth_1

launch_runs synth_1 -jobs 16
[Thu Nov  7 11:31:50 2024] Launched synth_1...
Run output will be captured here: D:/BKU/HK241/Logic_Design_Project/Draft/Effect_Led_Project/Draft.runs/synth_1/runme.log
launch_runs impl_1 -jobs 16
[Thu Nov  7 11:32:23 2024] Launched impl_1...
Run output will be captured here: D:/BKU/HK241/Logic_Design_Project/Draft/Effect_Led_Project/Draft.runs/impl_1/runme.log
launch_runs impl_1 -to_step write_bitstream -jobs 16
[Thu Nov  7 11:33:20 2024] Launched impl_1...
Run output will be captured here: D:/BKU/HK241/Logic_Design_Project/Draft/Effect_Led_Project/Draft.runs/impl_1/runme.log
set_property PROBES.FILE {} [get_hw_devices xc7z020_1]
set_property FULL_PROBES.FILE {} [get_hw_devices xc7z020_1]
set_property PROGRAM.FILE {D:/BKU/HK241/Logic_Design_Project/Draft/Effect_Led_Project/Draft.runs/impl_1/EffectLed.bit} [get_hw_devices xc7z020_1]
program_hw_devices [get_hw_devices xc7z020_1]
INFO: [Labtools 27-3164] End of startup status: HIGH
refresh_hw_device [lindex [get_hw_devices xc7z020_1] 0]
INFO: [Labtools 27-1434] Device xc7z020 (JTAG device index = 1) is programmed with a design that has no supported debug core(s) in it.
set_property PROBES.FILE {} [get_hw_devices xc7z020_1]
set_property FULL_PROBES.FILE {} [get_hw_devices xc7z020_1]
set_property PROGRAM.FILE {D:/BKU/HK241/Logic_Design_Project/Draft/Effect_Led_Project/Draft.runs/impl_1/EffectLed.bit} [get_hw_devices xc7z020_1]
program_hw_devices [get_hw_devices xc7z020_1]
INFO: [Labtools 27-3164] End of startup status: HIGH
refresh_hw_device [lindex [get_hw_devices xc7z020_1] 0]
INFO: [Labtools 27-1434] Device xc7z020 (JTAG device index = 1) is programmed with a design that has no supported debug core(s) in it.
reset_run synth_1
WARNING: [Vivado 12-1017] Problems encountered:
1. Failed to delete one or more files in run directory D:/BKU/HK241/Logic_Design_Project/Draft/Effect_Led_Project/Draft.runs/synth_1

launch_runs synth_1 -jobs 16
[Thu Nov  7 11:36:19 2024] Launched synth_1...
Run output will be captured here: D:/BKU/HK241/Logic_Design_Project/Draft/Effect_Led_Project/Draft.runs/synth_1/runme.log
launch_runs impl_1 -jobs 16
[Thu Nov  7 11:36:52 2024] Launched impl_1...
Run output will be captured here: D:/BKU/HK241/Logic_Design_Project/Draft/Effect_Led_Project/Draft.runs/impl_1/runme.log
launch_runs impl_1 -to_step write_bitstream -jobs 16
[Thu Nov  7 11:38:42 2024] Launched impl_1...
Run output will be captured here: D:/BKU/HK241/Logic_Design_Project/Draft/Effect_Led_Project/Draft.runs/impl_1/runme.log
set_property PROBES.FILE {} [get_hw_devices xc7z020_1]
set_property FULL_PROBES.FILE {} [get_hw_devices xc7z020_1]
set_property PROGRAM.FILE {D:/BKU/HK241/Logic_Design_Project/Draft/Effect_Led_Project/Draft.runs/impl_1/EffectLed.bit} [get_hw_devices xc7z020_1]
program_hw_devices [get_hw_devices xc7z020_1]
INFO: [Labtools 27-3164] End of startup status: HIGH
refresh_hw_device [lindex [get_hw_devices xc7z020_1] 0]
INFO: [Labtools 27-1434] Device xc7z020 (JTAG device index = 1) is programmed with a design that has no supported debug core(s) in it.
reset_run synth_1
WARNING: [Vivado 12-1017] Problems encountered:
1. Failed to delete one or more files in run directory D:/BKU/HK241/Logic_Design_Project/Draft/Effect_Led_Project/Draft.runs/synth_1

launch_runs synth_1 -jobs 16
[Thu Nov  7 11:40:27 2024] Launched synth_1...
Run output will be captured here: D:/BKU/HK241/Logic_Design_Project/Draft/Effect_Led_Project/Draft.runs/synth_1/runme.log
launch_runs impl_1 -jobs 16
[Thu Nov  7 11:41:13 2024] Launched impl_1...
Run output will be captured here: D:/BKU/HK241/Logic_Design_Project/Draft/Effect_Led_Project/Draft.runs/impl_1/runme.log
launch_runs impl_1 -to_step write_bitstream -jobs 16
[Thu Nov  7 11:42:10 2024] Launched impl_1...
Run output will be captured here: D:/BKU/HK241/Logic_Design_Project/Draft/Effect_Led_Project/Draft.runs/impl_1/runme.log
set_property PROBES.FILE {} [get_hw_devices xc7z020_1]
set_property FULL_PROBES.FILE {} [get_hw_devices xc7z020_1]
set_property PROGRAM.FILE {D:/BKU/HK241/Logic_Design_Project/Draft/Effect_Led_Project/Draft.runs/impl_1/EffectLed.bit} [get_hw_devices xc7z020_1]
program_hw_devices [get_hw_devices xc7z020_1]
INFO: [Labtools 27-3164] End of startup status: HIGH
refresh_hw_device [lindex [get_hw_devices xc7z020_1] 0]
INFO: [Labtools 27-1434] Device xc7z020 (JTAG device index = 1) is programmed with a design that has no supported debug core(s) in it.
close_sim
INFO: [Simtcl 6-16] Simulation closed
exit
INFO: [Common 17-206] Exiting Vivado at Thu Nov  7 11:43:31 2024...
