#-----------------------------------------------------------
# Vivado v2019.1 (64-bit)
# SW Build 2552052 on Fri May 24 14:49:42 MDT 2019
# IP Build 2548770 on Fri May 24 18:01:18 MDT 2019
# Start of session at: Tue Nov  5 17:37:10 2024
# Process ID: 12752
# Current directory: D:/BKU/HK241/Logic_Design_Project/Draft
# Command line: vivado.exe -gui_launcher_event rodinguilauncherevent5384 D:\BKU\HK241\Logic_Design_Project\Draft\Draft.xpr
# Log file: D:/BKU/HK241/Logic_Design_Project/Draft/vivado.log
# Journal file: D:/BKU/HK241/Logic_Design_Project/Draft\vivado.jou
#-----------------------------------------------------------
start_gui
open_project D:/BKU/HK241/Logic_Design_Project/Draft/Draft.xpr
Scanning sources...
Finished scanning sources
INFO: [IP_Flow 19-234] Refreshing IP repositories
INFO: [IP_Flow 19-1704] No user IP repositories specified
INFO: [IP_Flow 19-2313] Loaded Vivado IP repository 'C:/Xilinx/Vivado/2019.1/data/ip'.
update_compile_order -fileset sources_1
set_property top EffectLed [current_fileset]
update_compile_order -fileset sources_1
set_property top EffectLed_tb [get_filesets sim_1]
set_property top_lib xil_defaultlib [get_filesets sim_1]
update_compile_order -fileset sim_1
reset_run synth_1
launch_runs synth_1 -jobs 16
[Tue Nov  5 17:38:27 2024] Launched synth_1...
Run output will be captured here: D:/BKU/HK241/Logic_Design_Project/Draft/Draft.runs/synth_1/runme.log
launch_runs impl_1 -jobs 16
[Tue Nov  5 17:39:03 2024] Launched impl_1...
Run output will be captured here: D:/BKU/HK241/Logic_Design_Project/Draft/Draft.runs/impl_1/runme.log
reset_run synth_1
launch_runs synth_1 -jobs 16
[Tue Nov  5 17:41:39 2024] Launched synth_1...
Run output will be captured here: D:/BKU/HK241/Logic_Design_Project/Draft/Draft.runs/synth_1/runme.log
launch_runs impl_1 -jobs 16
[Tue Nov  5 17:42:20 2024] Launched impl_1...
Run output will be captured here: D:/BKU/HK241/Logic_Design_Project/Draft/Draft.runs/impl_1/runme.log
reset_run synth_1
launch_runs synth_1 -jobs 16
[Tue Nov  5 17:45:23 2024] Launched synth_1...
Run output will be captured here: D:/BKU/HK241/Logic_Design_Project/Draft/Draft.runs/synth_1/runme.log
launch_runs impl_1 -jobs 16
[Tue Nov  5 17:45:57 2024] Launched impl_1...
Run output will be captured here: D:/BKU/HK241/Logic_Design_Project/Draft/Draft.runs/impl_1/runme.log
exit
INFO: [Common 17-206] Exiting Vivado at Tue Nov  5 17:46:57 2024...
