#-----------------------------------------------------------
# Vivado v2019.1 (64-bit)
# SW Build 2552052 on Fri May 24 14:49:42 MDT 2019
# IP Build 2548770 on Fri May 24 18:01:18 MDT 2019
# Start of session at: Thu Oct 24 20:41:08 2024
# Process ID: 14776
# Current directory: C:/Users/baobu/Downloads/Draft
# Command line: vivado.exe -gui_launcher_event rodinguilauncherevent15284 C:\Users\baobu\Downloads\Draft\Draft.xpr
# Log file: C:/Users/baobu/Downloads/Draft/vivado.log
# Journal file: C:/Users/baobu/Downloads/Draft\vivado.jou
#-----------------------------------------------------------
start_gui
open_project C:/Users/baobu/Downloads/Draft/Draft.xpr
Scanning sources...
Finished scanning sources
INFO: [IP_Flow 19-234] Refreshing IP repositories
INFO: [IP_Flow 19-1704] No user IP repositories specified
INFO: [IP_Flow 19-2313] Loaded Vivado IP repository 'C:/Xilinx/Vivado/2019.1/data/ip'.
update_compile_order -fileset sources_1
reset_run synth_1
launch_runs synth_1 -jobs 16
[Thu Oct 24 20:41:49 2024] Launched synth_1...
Run output will be captured here: C:/Users/baobu/Downloads/Draft/Draft.runs/synth_1/runme.log
launch_runs impl_1 -jobs 16
[Thu Oct 24 20:42:20 2024] Launched impl_1...
Run output will be captured here: C:/Users/baobu/Downloads/Draft/Draft.runs/impl_1/runme.log
create_bd_design "design_1"
Wrote  : <C:\Users\baobu\Downloads\Draft\Draft.srcs\sources_1\bd\design_1\design_1.bd> 
update_compile_order -fileset sources_1
export_ip_user_files -of_objects  [get_files C:/Users/baobu/Downloads/Draft/Draft.srcs/sources_1/bd/design_1/design_1.bd] -no_script -reset -force -quiet
remove_files  C:/Users/baobu/Downloads/Draft/Draft.srcs/sources_1/bd/design_1/design_1.bd
reset_run synth_1
launch_runs synth_1 -jobs 16
[Thu Oct 24 20:46:47 2024] Launched synth_1...
Run output will be captured here: C:/Users/baobu/Downloads/Draft/Draft.runs/synth_1/runme.log
reset_run synth_1
launch_runs synth_1 -jobs 16
[Thu Oct 24 20:47:56 2024] Launched synth_1...
Run output will be captured here: C:/Users/baobu/Downloads/Draft/Draft.runs/synth_1/runme.log
exit
INFO: [Common 17-206] Exiting Vivado at Thu Oct 24 20:48:31 2024...
