#-----------------------------------------------------------
# Vivado v2019.1 (64-bit)
# SW Build 2552052 on Fri May 24 14:49:42 MDT 2019
# IP Build 2548770 on Fri May 24 18:01:18 MDT 2019
# Start of session at: Thu Nov  7 12:12:03 2024
# Process ID: 21624
# Current directory: D:/BKU/HK241/Logic_Design_Project/Draft/Effect_Led_Project
# Command line: vivado.exe -gui_launcher_event rodinguilauncherevent22404 D:\BKU\HK241\Logic_Design_Project\Draft\Effect_Led_Project\Draft.xpr
# Log file: D:/BKU/HK241/Logic_Design_Project/Draft/Effect_Led_Project/vivado.log
# Journal file: D:/BKU/HK241/Logic_Design_Project/Draft/Effect_Led_Project\vivado.jou
#-----------------------------------------------------------
start_gui
open_project D:/BKU/HK241/Logic_Design_Project/Draft/Effect_Led_Project/Draft.xpr
Scanning sources...
Finished scanning sources
INFO: [IP_Flow 19-234] Refreshing IP repositories
INFO: [IP_Flow 19-1704] No user IP repositories specified
INFO: [IP_Flow 19-2313] Loaded Vivado IP repository 'C:/Xilinx/Vivado/2019.1/data/ip'.
open_project: Time (s): cpu = 00:00:03 ; elapsed = 00:00:05 . Memory (MB): peak = 745.180 ; gain = 122.242
update_compile_order -fileset sources_1
reset_run synth_1
launch_runs synth_1 -jobs 16
[Thu Nov  7 12:23:53 2024] Launched synth_1...
Run output will be captured here: D:/BKU/HK241/Logic_Design_Project/Draft/Effect_Led_Project/Draft.runs/synth_1/runme.log
launch_runs impl_1 -jobs 16
[Thu Nov  7 12:24:30 2024] Launched impl_1...
Run output will be captured here: D:/BKU/HK241/Logic_Design_Project/Draft/Effect_Led_Project/Draft.runs/impl_1/runme.log
launch_runs impl_1 -to_step write_bitstream -jobs 16
[Thu Nov  7 12:25:28 2024] Launched impl_1...
Run output will be captured here: D:/BKU/HK241/Logic_Design_Project/Draft/Effect_Led_Project/Draft.runs/impl_1/runme.log
open_hw
connect_hw_server
INFO: [Labtools 27-2285] Connecting to hw_server url TCP:localhost:3121
INFO: [Labtools 27-2222] Launching hw_server...
INFO: [Labtools 27-2221] Launch Output:

****** Xilinx hw_server v2019.1
  **** Build date : May 24 2019 at 15:13:31
    ** Copyright 1986-2019 Xilinx, Inc. All Rights Reserved.


open_hw_target
INFO: [Labtoolstcl 44-466] Opening hw_target localhost:3121/xilinx_tcf/Digilent/003017B3FA2CA
open_hw_target: Time (s): cpu = 00:00:02 ; elapsed = 00:00:05 . Memory (MB): peak = 1879.172 ; gain = 1081.414
set_property PROGRAM.FILE {D:/BKU/HK241/Logic_Design_Project/Draft/Effect_Led_Project/Draft.runs/impl_1/EffectLed.bit} [get_hw_devices xc7z020_1]
current_hw_device [get_hw_devices xc7z020_1]
refresh_hw_device -update_hw_probes false [lindex [get_hw_devices xc7z020_1] 0]
INFO: [Labtools 27-1434] Device xc7z020 (JTAG device index = 1) is programmed with a design that has no supported debug core(s) in it.
set_property PROBES.FILE {} [get_hw_devices xc7z020_1]
set_property FULL_PROBES.FILE {} [get_hw_devices xc7z020_1]
set_property PROGRAM.FILE {D:/BKU/HK241/Logic_Design_Project/Draft/Effect_Led_Project/Draft.runs/impl_1/EffectLed.bit} [get_hw_devices xc7z020_1]
program_hw_devices [get_hw_devices xc7z020_1]
INFO: [Labtools 27-3164] End of startup status: HIGH
refresh_hw_device [lindex [get_hw_devices xc7z020_1] 0]
INFO: [Labtools 27-1434] Device xc7z020 (JTAG device index = 1) is programmed with a design that has no supported debug core(s) in it.
close_hw
close [ open D:/BKU/HK241/Logic_Design_Project/Draft/Effect_Led_Project/Draft.srcs/sources_1/new/autoSwitch.v w ]
add_files D:/BKU/HK241/Logic_Design_Project/Draft/Effect_Led_Project/Draft.srcs/sources_1/new/autoSwitch.v
update_compile_order -fileset sources_1
reset_run synth_1
WARNING: [Vivado 12-1017] Problems encountered:
1. Failed to delete one or more files in run directory D:/BKU/HK241/Logic_Design_Project/Draft/Effect_Led_Project/Draft.runs/synth_1

launch_runs synth_1 -jobs 16
[Thu Nov  7 12:37:43 2024] Launched synth_1...
Run output will be captured here: D:/BKU/HK241/Logic_Design_Project/Draft/Effect_Led_Project/Draft.runs/synth_1/runme.log
launch_runs impl_1 -jobs 16
[Thu Nov  7 12:38:43 2024] Launched impl_1...
Run output will be captured here: D:/BKU/HK241/Logic_Design_Project/Draft/Effect_Led_Project/Draft.runs/impl_1/runme.log
launch_runs impl_1 -to_step write_bitstream -jobs 16
[Thu Nov  7 12:39:40 2024] Launched impl_1...
Run output will be captured here: D:/BKU/HK241/Logic_Design_Project/Draft/Effect_Led_Project/Draft.runs/impl_1/runme.log
open_hw
connect_hw_server
INFO: [Labtools 27-2285] Connecting to hw_server url TCP:localhost:3121
INFO: [Labtools 27-2222] Launching hw_server...
INFO: [Labtools 27-2221] Launch Output:

****** Xilinx hw_server v2019.1
  **** Build date : May 24 2019 at 15:13:31
    ** Copyright 1986-2019 Xilinx, Inc. All Rights Reserved.


open_hw_target
INFO: [Labtoolstcl 44-466] Opening hw_target localhost:3121/xilinx_tcf/Digilent/003017B3FA2CA
set_property PROGRAM.FILE {D:/BKU/HK241/Logic_Design_Project/Draft/Effect_Led_Project/Draft.runs/impl_1/EffectLed.bit} [get_hw_devices xc7z020_1]
current_hw_device [get_hw_devices xc7z020_1]
refresh_hw_device -update_hw_probes false [lindex [get_hw_devices xc7z020_1] 0]
INFO: [Labtools 27-1434] Device xc7z020 (JTAG device index = 1) is programmed with a design that has no supported debug core(s) in it.
set_property PROBES.FILE {} [get_hw_devices xc7z020_1]
set_property FULL_PROBES.FILE {} [get_hw_devices xc7z020_1]
set_property PROGRAM.FILE {D:/BKU/HK241/Logic_Design_Project/Draft/Effect_Led_Project/Draft.runs/impl_1/EffectLed.bit} [get_hw_devices xc7z020_1]
program_hw_devices [get_hw_devices xc7z020_1]
INFO: [Labtools 27-3164] End of startup status: HIGH
refresh_hw_device [lindex [get_hw_devices xc7z020_1] 0]
INFO: [Labtools 27-1434] Device xc7z020 (JTAG device index = 1) is programmed with a design that has no supported debug core(s) in it.
ERROR: [Labtoolstcl 44-513] HW Target shutdown. Closing target: localhost:3121/xilinx_tcf/Digilent/003017B3FA2CA
INFO: [Labtoolstcl 44-466] Opening hw_target localhost:3121/xilinx_tcf/Digilent/003017B3FA2CA
WARNING: [Labtoolstcl 44-129] No matching hw_ila_data was found.
INFO: [Labtools 27-1434] Device xc7z020 (JTAG device index = 1) is programmed with a design that has no supported debug core(s) in it.
WARNING: [Labtoolstcl 44-129] No matching hw_ila_data was found.
close_hw
reset_run synth_1
WARNING: [Vivado 12-1017] Problems encountered:
1. Failed to delete one or more files in run directory D:/BKU/HK241/Logic_Design_Project/Draft/Effect_Led_Project/Draft.runs/synth_1

launch_runs synth_1 -jobs 16
[Thu Nov  7 12:44:54 2024] Launched synth_1...
Run output will be captured here: D:/BKU/HK241/Logic_Design_Project/Draft/Effect_Led_Project/Draft.runs/synth_1/runme.log
launch_runs impl_1 -jobs 16
[Thu Nov  7 12:45:26 2024] Launched impl_1...
Run output will be captured here: D:/BKU/HK241/Logic_Design_Project/Draft/Effect_Led_Project/Draft.runs/impl_1/runme.log
launch_runs impl_1 -to_step write_bitstream -jobs 16
[Thu Nov  7 12:46:20 2024] Launched impl_1...
Run output will be captured here: D:/BKU/HK241/Logic_Design_Project/Draft/Effect_Led_Project/Draft.runs/impl_1/runme.log
open_hw
connect_hw_server
INFO: [Labtools 27-2285] Connecting to hw_server url TCP:localhost:3121
INFO: [Labtools 27-2222] Launching hw_server...
INFO: [Labtools 27-2221] Launch Output:

****** Xilinx hw_server v2019.1
  **** Build date : May 24 2019 at 15:13:31
    ** Copyright 1986-2019 Xilinx, Inc. All Rights Reserved.


open_hw_target
INFO: [Labtoolstcl 44-466] Opening hw_target localhost:3121/xilinx_tcf/Digilent/003017B3FA2CA
set_property PROGRAM.FILE {D:/BKU/HK241/Logic_Design_Project/Draft/Effect_Led_Project/Draft.runs/impl_1/EffectLed.bit} [get_hw_devices xc7z020_1]
current_hw_device [get_hw_devices xc7z020_1]
refresh_hw_device -update_hw_probes false [lindex [get_hw_devices xc7z020_1] 0]
INFO: [Labtools 27-1434] Device xc7z020 (JTAG device index = 1) is programmed with a design that has no supported debug core(s) in it.
set_property PROBES.FILE {} [get_hw_devices xc7z020_1]
set_property FULL_PROBES.FILE {} [get_hw_devices xc7z020_1]
set_property PROGRAM.FILE {D:/BKU/HK241/Logic_Design_Project/Draft/Effect_Led_Project/Draft.runs/impl_1/EffectLed.bit} [get_hw_devices xc7z020_1]
program_hw_devices [get_hw_devices xc7z020_1]
INFO: [Labtools 27-3164] End of startup status: HIGH
refresh_hw_device [lindex [get_hw_devices xc7z020_1] 0]
INFO: [Labtools 27-1434] Device xc7z020 (JTAG device index = 1) is programmed with a design that has no supported debug core(s) in it.
reset_run synth_1
WARNING: [Vivado 12-1017] Problems encountered:
1. Failed to delete one or more files in run directory D:/BKU/HK241/Logic_Design_Project/Draft/Effect_Led_Project/Draft.runs/synth_1

launch_runs synth_1 -jobs 16
[Thu Nov  7 12:50:32 2024] Launched synth_1...
Run output will be captured here: D:/BKU/HK241/Logic_Design_Project/Draft/Effect_Led_Project/Draft.runs/synth_1/runme.log
launch_runs impl_1 -jobs 16
[Thu Nov  7 12:51:49 2024] Launched impl_1...
Run output will be captured here: D:/BKU/HK241/Logic_Design_Project/Draft/Effect_Led_Project/Draft.runs/impl_1/runme.log
launch_runs impl_1 -to_step write_bitstream -jobs 16
[Thu Nov  7 12:52:45 2024] Launched impl_1...
Run output will be captured here: D:/BKU/HK241/Logic_Design_Project/Draft/Effect_Led_Project/Draft.runs/impl_1/runme.log
set_property PROBES.FILE {} [get_hw_devices xc7z020_1]
set_property FULL_PROBES.FILE {} [get_hw_devices xc7z020_1]
set_property PROGRAM.FILE {D:/BKU/HK241/Logic_Design_Project/Draft/Effect_Led_Project/Draft.runs/impl_1/EffectLed.bit} [get_hw_devices xc7z020_1]
program_hw_devices [get_hw_devices xc7z020_1]
INFO: [Labtools 27-3164] End of startup status: HIGH
refresh_hw_device [lindex [get_hw_devices xc7z020_1] 0]
INFO: [Labtools 27-1434] Device xc7z020 (JTAG device index = 1) is programmed with a design that has no supported debug core(s) in it.
reset_run synth_1
WARNING: [Vivado 12-1017] Problems encountered:
1. Failed to delete one or more files in run directory D:/BKU/HK241/Logic_Design_Project/Draft/Effect_Led_Project/Draft.runs/synth_1

launch_runs synth_1 -jobs 16
[Thu Nov  7 12:55:08 2024] Launched synth_1...
Run output will be captured here: D:/BKU/HK241/Logic_Design_Project/Draft/Effect_Led_Project/Draft.runs/synth_1/runme.log
launch_runs impl_1 -jobs 16
[Thu Nov  7 12:55:39 2024] Launched impl_1...
Run output will be captured here: D:/BKU/HK241/Logic_Design_Project/Draft/Effect_Led_Project/Draft.runs/impl_1/runme.log
